[ INFO : 2019-12-23 16:36:33,311 ] - Storing data at: exp/dnn_random_212_fbank
[ INFO : 2019-12-23 16:36:33,312 ] - <== Passed Arguments ==>
[ INFO : 2019-12-23 16:36:33,313 ] - {'classifier': 'dnn_classifier',
[ INFO : 2019-12-23 16:36:33,313 ] -  'classifier_args': {'hid_dims': [128, 256, 512, 256, 128, 64], 'num_cls': 51},
[ INFO : 2019-12-23 16:36:33,313 ] -  'context': 2,
[ INFO : 2019-12-23 16:36:33,313 ] -  'dataloader_args': {'batch_size': 2048, 'num_workers': 8},
[ INFO : 2019-12-23 16:36:33,313 ] -  'dev_feat_stream': 'apply-cmvn '
[ INFO : 2019-12-23 16:36:33,313 ] -                     '--utt2spk=ark:/mnt/lustre/sjtu/home/zkz01/timit/data_fbank/dev/utt2spk '
[ INFO : 2019-12-23 16:36:33,313 ] -                     'scp:/mnt/lustre/sjtu/home/zkz01/timit/data_fbank/dev/cmvn.scp '
[ INFO : 2019-12-23 16:36:33,313 ] -                     'scp:/mnt/lustre/sjtu/home/zkz01/timit/data_fbank/dev/feats.scp '
[ INFO : 2019-12-23 16:36:33,313 ] -                     'ark:- |apply-cmvn-sliding --min-cmn-window=15 '
[ INFO : 2019-12-23 16:36:33,313 ] -                     '--cmn-window=1000 ark:- ark:- | splice-feats '
[ INFO : 2019-12-23 16:36:33,314 ] -                     '--left-context={} --right-context={} ark:- ark:-|',
[ INFO : 2019-12-23 16:36:33,314 ] -  'dev_label_stream': 'copy-int-vector '
[ INFO : 2019-12-23 16:36:33,314 ] -                      'ark:/mnt/lustre/sjtu/home/xnx98/zkz01/timit/data_for_brainlike/ali_dev.txt '
[ INFO : 2019-12-23 16:36:33,314 ] -                      'ark:- |',
[ INFO : 2019-12-23 16:36:33,314 ] -  'early_stop': 10,
[ INFO : 2019-12-23 16:36:33,314 ] -  'encoder': 'FcEncoder',
[ INFO : 2019-12-23 16:36:33,314 ] -  'encoder_args': {'hid_dims': [256, 128], 'latent_dim': 64},
[ INFO : 2019-12-23 16:36:33,314 ] -  'encoder_path': None,
[ INFO : 2019-12-23 16:36:33,314 ] -  'epochs': 200,
[ INFO : 2019-12-23 16:36:33,314 ] -  'fix_encoder': None,
[ INFO : 2019-12-23 16:36:33,314 ] -  'improvecriterion': 'loss',
[ INFO : 2019-12-23 16:36:33,314 ] -  'num_freq': 80,
[ INFO : 2019-12-23 16:36:33,314 ] -  'optimizer': 'Adam',
[ INFO : 2019-12-23 16:36:33,315 ] -  'optimizer_args': {'lr': 0.001},
[ INFO : 2019-12-23 16:36:33,315 ] -  'scaler_path': 'exp/scaler_fbank.pth',
[ INFO : 2019-12-23 16:36:33,315 ] -  'scheduler': 'ReduceLROnPlateau',
[ INFO : 2019-12-23 16:36:33,315 ] -  'scheduler_args': {'cooldown': 1,
[ INFO : 2019-12-23 16:36:33,315 ] -                     'factor': 0.1,
[ INFO : 2019-12-23 16:36:33,315 ] -                     'mode': 'min',
[ INFO : 2019-12-23 16:36:33,315 ] -                     'patience': 10,
[ INFO : 2019-12-23 16:36:33,315 ] -                     'threshold': 0.001,
[ INFO : 2019-12-23 16:36:33,315 ] -                     'verbose': False},
[ INFO : 2019-12-23 16:36:33,315 ] -  'test_feat_stream': 'apply-cmvn '
[ INFO : 2019-12-23 16:36:33,315 ] -                      '--utt2spk=ark:/mnt/lustre/sjtu/home/zkz01/timit/data_fbank/test/utt2spk '
[ INFO : 2019-12-23 16:36:33,315 ] -                      'scp:/mnt/lustre/sjtu/home/zkz01/timit/data_fbank/test/cmvn.scp '
[ INFO : 2019-12-23 16:36:33,315 ] -                      'scp:/mnt/lustre/sjtu/home/zkz01/timit/data_fbank/test/feats.scp '
[ INFO : 2019-12-23 16:36:33,315 ] -                      'ark:- |apply-cmvn-sliding --min-cmn-window=15 '
[ INFO : 2019-12-23 16:36:33,315 ] -                      '--cmn-window=1000 ark:- ark:- | splice-feats '
[ INFO : 2019-12-23 16:36:33,316 ] -                      '--left-context={} --right-context={} ark:- ark:-|',
[ INFO : 2019-12-23 16:36:33,316 ] -  'test_label_stream': 'copy-int-vector '
[ INFO : 2019-12-23 16:36:33,316 ] -                       'ark:/mnt/lustre/sjtu/home/xnx98/zkz01/timit/data_for_brainlike/ali_test.txt '
[ INFO : 2019-12-23 16:36:33,316 ] -                       'ark:- |',
[ INFO : 2019-12-23 16:36:33,316 ] -  'train_feat_stream': 'apply-cmvn '
[ INFO : 2019-12-23 16:36:33,316 ] -                       '--utt2spk=ark:/mnt/lustre/sjtu/home/zkz01/timit/data_fbank/train/utt2spk '
[ INFO : 2019-12-23 16:36:33,316 ] -                       'scp:/mnt/lustre/sjtu/home/zkz01/timit/data_fbank/train/cmvn.scp '
[ INFO : 2019-12-23 16:36:33,316 ] -                       'scp:/mnt/lustre/sjtu/home/zkz01/timit/data_fbank/train/feats.scp '
[ INFO : 2019-12-23 16:36:33,316 ] -                       'ark:- |apply-cmvn-sliding --min-cmn-window=15 '
[ INFO : 2019-12-23 16:36:33,316 ] -                       '--cmn-window=1000 ark:- ark:- | splice-feats '
[ INFO : 2019-12-23 16:36:33,316 ] -                       '--left-context={} --right-context={} ark:- ark:-|',
[ INFO : 2019-12-23 16:36:33,316 ] -  'train_label_stream': 'copy-int-vector '
[ INFO : 2019-12-23 16:36:33,316 ] -                        'ark:/mnt/lustre/sjtu/home/xnx98/zkz01/timit/data_for_brainlike/ali_train.txt '
[ INFO : 2019-12-23 16:36:33,316 ] -                        'ark:- |'}
[ INFO : 2019-12-23 16:45:35,468 ] - Storing data at: exp/dnn_random_212_fbank
[ INFO : 2019-12-23 16:45:35,468 ] - <== Passed Arguments ==>
[ INFO : 2019-12-23 16:45:35,469 ] - {'classifier': 'dnn_classifier',
[ INFO : 2019-12-23 16:45:35,469 ] -  'classifier_args': {'hid_dims': [128, 256, 512, 256, 128, 64], 'num_cls': 51},
[ INFO : 2019-12-23 16:45:35,469 ] -  'context': 2,
[ INFO : 2019-12-23 16:45:35,469 ] -  'dataloader_args': {'batch_size': 2048, 'num_workers': 8},
[ INFO : 2019-12-23 16:45:35,469 ] -  'dev_feat_stream': 'apply-cmvn '
[ INFO : 2019-12-23 16:45:35,470 ] -                     '--utt2spk=ark:/mnt/lustre/sjtu/home/zkz01/timit/data_fbank/dev/utt2spk '
[ INFO : 2019-12-23 16:45:35,470 ] -                     'scp:/mnt/lustre/sjtu/home/zkz01/timit/data_fbank/dev/cmvn.scp '
[ INFO : 2019-12-23 16:45:35,470 ] -                     'scp:/mnt/lustre/sjtu/home/zkz01/timit/data_fbank/dev/feats.scp '
[ INFO : 2019-12-23 16:45:35,470 ] -                     'ark:- |apply-cmvn-sliding --min-cmn-window=15 '
[ INFO : 2019-12-23 16:45:35,470 ] -                     '--cmn-window=1000 ark:- ark:- | splice-feats '
[ INFO : 2019-12-23 16:45:35,470 ] -                     '--left-context={} --right-context={} ark:- ark:-|',
[ INFO : 2019-12-23 16:45:35,470 ] -  'dev_label_stream': 'copy-int-vector '
[ INFO : 2019-12-23 16:45:35,470 ] -                      'ark:/mnt/lustre/sjtu/home/xnx98/zkz01/timit/data_for_brainlike/ali_dev.txt '
[ INFO : 2019-12-23 16:45:35,470 ] -                      'ark:- |',
[ INFO : 2019-12-23 16:45:35,470 ] -  'early_stop': 10,
[ INFO : 2019-12-23 16:45:35,470 ] -  'encoder': 'FcEncoder',
[ INFO : 2019-12-23 16:45:35,470 ] -  'encoder_args': {'hid_dims': [256, 128], 'latent_dim': 64},
[ INFO : 2019-12-23 16:45:35,471 ] -  'encoder_path': None,
[ INFO : 2019-12-23 16:45:35,471 ] -  'epochs': 200,
[ INFO : 2019-12-23 16:45:35,471 ] -  'fix_encoder': None,
[ INFO : 2019-12-23 16:45:35,471 ] -  'improvecriterion': 'loss',
[ INFO : 2019-12-23 16:45:35,471 ] -  'num_freq': 80,
[ INFO : 2019-12-23 16:45:35,471 ] -  'optimizer': 'Adam',
[ INFO : 2019-12-23 16:45:35,471 ] -  'optimizer_args': {'lr': 0.001},
[ INFO : 2019-12-23 16:45:35,471 ] -  'scheduler': 'ReduceLROnPlateau',
[ INFO : 2019-12-23 16:45:35,471 ] -  'scheduler_args': {'cooldown': 1,
[ INFO : 2019-12-23 16:45:35,471 ] -                     'factor': 0.1,
[ INFO : 2019-12-23 16:45:35,471 ] -                     'mode': 'min',
[ INFO : 2019-12-23 16:45:35,471 ] -                     'patience': 10,
[ INFO : 2019-12-23 16:45:35,471 ] -                     'threshold': 0.001,
[ INFO : 2019-12-23 16:45:35,472 ] -                     'verbose': False},
[ INFO : 2019-12-23 16:45:35,472 ] -  'test_feat_stream': 'apply-cmvn '
[ INFO : 2019-12-23 16:45:35,472 ] -                      '--utt2spk=ark:/mnt/lustre/sjtu/home/zkz01/timit/data_fbank/test/utt2spk '
[ INFO : 2019-12-23 16:45:35,472 ] -                      'scp:/mnt/lustre/sjtu/home/zkz01/timit/data_fbank/test/cmvn.scp '
[ INFO : 2019-12-23 16:45:35,472 ] -                      'scp:/mnt/lustre/sjtu/home/zkz01/timit/data_fbank/test/feats.scp '
[ INFO : 2019-12-23 16:45:35,472 ] -                      'ark:- |apply-cmvn-sliding --min-cmn-window=15 '
[ INFO : 2019-12-23 16:45:35,472 ] -                      '--cmn-window=1000 ark:- ark:- | splice-feats '
[ INFO : 2019-12-23 16:45:35,472 ] -                      '--left-context={} --right-context={} ark:- ark:-|',
[ INFO : 2019-12-23 16:45:35,472 ] -  'test_label_stream': 'copy-int-vector '
[ INFO : 2019-12-23 16:45:35,472 ] -                       'ark:/mnt/lustre/sjtu/home/xnx98/zkz01/timit/data_for_brainlike/ali_test.txt '
[ INFO : 2019-12-23 16:45:35,472 ] -                       'ark:- |',
[ INFO : 2019-12-23 16:45:35,472 ] -  'train_feat_stream': 'apply-cmvn '
[ INFO : 2019-12-23 16:45:35,472 ] -                       '--utt2spk=ark:/mnt/lustre/sjtu/home/zkz01/timit/data_fbank/train/utt2spk '
[ INFO : 2019-12-23 16:45:35,473 ] -                       'scp:/mnt/lustre/sjtu/home/zkz01/timit/data_fbank/train/cmvn.scp '
[ INFO : 2019-12-23 16:45:35,473 ] -                       'scp:/mnt/lustre/sjtu/home/zkz01/timit/data_fbank/train/feats.scp '
[ INFO : 2019-12-23 16:45:35,473 ] -                       'ark:- |apply-cmvn-sliding --min-cmn-window=15 '
[ INFO : 2019-12-23 16:45:35,473 ] -                       '--cmn-window=1000 ark:- ark:- | splice-feats '
[ INFO : 2019-12-23 16:45:35,473 ] -                       '--left-context={} --right-context={} ark:- ark:-|',
[ INFO : 2019-12-23 16:45:35,473 ] -  'train_label_stream': 'copy-int-vector '
[ INFO : 2019-12-23 16:45:35,473 ] -                        'ark:/mnt/lustre/sjtu/home/xnx98/zkz01/timit/data_for_brainlike/ali_train.txt '
[ INFO : 2019-12-23 16:45:35,473 ] -                        'ark:- |'}
[ INFO : 2019-12-23 16:55:35,655 ] - Storing data at: exp/dnn_random_212_fbank
[ INFO : 2019-12-23 16:55:35,672 ] - <== Passed Arguments ==>
[ INFO : 2019-12-23 16:55:35,673 ] - {'classifier': 'dnn_classifier',
[ INFO : 2019-12-23 16:55:35,673 ] -  'classifier_args': {'hid_dims': [128, 256, 512, 256, 128, 64], 'num_cls': 51},
[ INFO : 2019-12-23 16:55:35,673 ] -  'context': 2,
[ INFO : 2019-12-23 16:55:35,673 ] -  'dataloader_args': {'batch_size': 2048, 'num_workers': 8},
[ INFO : 2019-12-23 16:55:35,673 ] -  'dev_feat_stream': 'apply-cmvn '
[ INFO : 2019-12-23 16:55:35,673 ] -                     '--utt2spk=ark:/mnt/lustre/sjtu/home/zkz01/timit/data_fbank/dev/utt2spk '
[ INFO : 2019-12-23 16:55:35,673 ] -                     'scp:/mnt/lustre/sjtu/home/zkz01/timit/data_fbank/dev/cmvn.scp '
[ INFO : 2019-12-23 16:55:35,673 ] -                     'scp:/mnt/lustre/sjtu/home/zkz01/timit/data_fbank/dev/feats.scp '
[ INFO : 2019-12-23 16:55:35,673 ] -                     'ark:- |apply-cmvn-sliding --min-cmn-window=15 '
[ INFO : 2019-12-23 16:55:35,673 ] -                     '--cmn-window=1000 ark:- ark:- | splice-feats '
[ INFO : 2019-12-23 16:55:35,674 ] -                     '--left-context={} --right-context={} ark:- ark:-|',
[ INFO : 2019-12-23 16:55:35,674 ] -  'dev_label_stream': 'copy-int-vector '
[ INFO : 2019-12-23 16:55:35,674 ] -                      'ark:/mnt/lustre/sjtu/home/xnx98/zkz01/timit/data_for_brainlike/ali_dev.txt '
[ INFO : 2019-12-23 16:55:35,674 ] -                      'ark:- |',
[ INFO : 2019-12-23 16:55:35,674 ] -  'early_stop': 10,
[ INFO : 2019-12-23 16:55:35,674 ] -  'encoder': 'FcEncoder',
[ INFO : 2019-12-23 16:55:35,674 ] -  'encoder_args': {'hid_dims': [256, 128], 'latent_dim': 64},
[ INFO : 2019-12-23 16:55:35,674 ] -  'encoder_path': None,
[ INFO : 2019-12-23 16:55:35,674 ] -  'epochs': 200,
[ INFO : 2019-12-23 16:55:35,674 ] -  'fix_encoder': None,
[ INFO : 2019-12-23 16:55:35,674 ] -  'improvecriterion': 'loss',
[ INFO : 2019-12-23 16:55:35,674 ] -  'num_freq': 80,
[ INFO : 2019-12-23 16:55:35,674 ] -  'optimizer': 'Adam',
[ INFO : 2019-12-23 16:55:35,675 ] -  'optimizer_args': {'lr': 0.001},
[ INFO : 2019-12-23 16:55:35,675 ] -  'scaler_path': 'exp/scaler_fbank.pth',
[ INFO : 2019-12-23 16:55:35,675 ] -  'scheduler': 'ReduceLROnPlateau',
[ INFO : 2019-12-23 16:55:35,675 ] -  'scheduler_args': {'cooldown': 1,
[ INFO : 2019-12-23 16:55:35,675 ] -                     'factor': 0.1,
[ INFO : 2019-12-23 16:55:35,675 ] -                     'mode': 'min',
[ INFO : 2019-12-23 16:55:35,675 ] -                     'patience': 10,
[ INFO : 2019-12-23 16:55:35,675 ] -                     'threshold': 0.001,
[ INFO : 2019-12-23 16:55:35,675 ] -                     'verbose': False},
[ INFO : 2019-12-23 16:55:35,675 ] -  'test_feat_stream': 'apply-cmvn '
[ INFO : 2019-12-23 16:55:35,675 ] -                      '--utt2spk=ark:/mnt/lustre/sjtu/home/zkz01/timit/data_fbank/test/utt2spk '
[ INFO : 2019-12-23 16:55:35,675 ] -                      'scp:/mnt/lustre/sjtu/home/zkz01/timit/data_fbank/test/cmvn.scp '
[ INFO : 2019-12-23 16:55:35,675 ] -                      'scp:/mnt/lustre/sjtu/home/zkz01/timit/data_fbank/test/feats.scp '
[ INFO : 2019-12-23 16:55:35,675 ] -                      'ark:- |apply-cmvn-sliding --min-cmn-window=15 '
[ INFO : 2019-12-23 16:55:35,676 ] -                      '--cmn-window=1000 ark:- ark:- | splice-feats '
[ INFO : 2019-12-23 16:55:35,676 ] -                      '--left-context={} --right-context={} ark:- ark:-|',
[ INFO : 2019-12-23 16:55:35,676 ] -  'test_label_stream': 'copy-int-vector '
[ INFO : 2019-12-23 16:55:35,676 ] -                       'ark:/mnt/lustre/sjtu/home/xnx98/zkz01/timit/data_for_brainlike/ali_test.txt '
[ INFO : 2019-12-23 16:55:35,676 ] -                       'ark:- |',
[ INFO : 2019-12-23 16:55:35,676 ] -  'train_feat_stream': 'apply-cmvn '
[ INFO : 2019-12-23 16:55:35,676 ] -                       '--utt2spk=ark:/mnt/lustre/sjtu/home/zkz01/timit/data_fbank/train/utt2spk '
[ INFO : 2019-12-23 16:55:35,676 ] -                       'scp:/mnt/lustre/sjtu/home/zkz01/timit/data_fbank/train/cmvn.scp '
[ INFO : 2019-12-23 16:55:35,676 ] -                       'scp:/mnt/lustre/sjtu/home/zkz01/timit/data_fbank/train/feats.scp '
[ INFO : 2019-12-23 16:55:35,676 ] -                       'ark:- |apply-cmvn-sliding --min-cmn-window=15 '
[ INFO : 2019-12-23 16:55:35,676 ] -                       '--cmn-window=1000 ark:- ark:- | splice-feats '
[ INFO : 2019-12-23 16:55:35,676 ] -                       '--left-context={} --right-context={} ark:- ark:-|',
[ INFO : 2019-12-23 16:55:35,676 ] -  'train_label_stream': 'copy-int-vector '
[ INFO : 2019-12-23 16:55:35,676 ] -                        'ark:/mnt/lustre/sjtu/home/xnx98/zkz01/timit/data_for_brainlike/ali_train.txt '
[ INFO : 2019-12-23 16:55:35,677 ] -                        'ark:- |'}
[ INFO : 2019-12-23 16:56:21,457 ] - <== Encoder ==>
[ INFO : 2019-12-23 16:56:21,457 ] - FcEncoder(
[ INFO : 2019-12-23 16:56:21,458 ] -   (model): Sequential(
[ INFO : 2019-12-23 16:56:21,458 ] -     (0): Linear(in_features=400, out_features=256, bias=True)
[ INFO : 2019-12-23 16:56:21,458 ] -     (1): ReLU()
[ INFO : 2019-12-23 16:56:21,458 ] -     (2): Linear(in_features=256, out_features=128, bias=True)
[ INFO : 2019-12-23 16:56:21,458 ] -     (3): ReLU()
[ INFO : 2019-12-23 16:56:21,458 ] -     (4): Linear(in_features=128, out_features=64, bias=True)
[ INFO : 2019-12-23 16:56:21,458 ] -   )
[ INFO : 2019-12-23 16:56:21,458 ] - )
[ INFO : 2019-12-23 16:56:21,458 ] - <== Classifier ==>
[ INFO : 2019-12-23 16:56:21,458 ] - dnn_classifier(
[ INFO : 2019-12-23 16:56:21,459 ] -   (model): Sequential(
[ INFO : 2019-12-23 16:56:21,459 ] -     (0): Linear(in_features=64, out_features=128, bias=True)
[ INFO : 2019-12-23 16:56:21,459 ] -     (1): BatchNorm1d(128, eps=1e-05, momentum=0.1, affine=True, track_running_stats=True)
[ INFO : 2019-12-23 16:56:21,459 ] -     (2): ReLU()
[ INFO : 2019-12-23 16:56:21,459 ] -     (3): Linear(in_features=128, out_features=256, bias=True)
[ INFO : 2019-12-23 16:56:21,459 ] -     (4): BatchNorm1d(256, eps=1e-05, momentum=0.1, affine=True, track_running_stats=True)
[ INFO : 2019-12-23 16:56:21,459 ] -     (5): ReLU()
[ INFO : 2019-12-23 16:56:21,459 ] -     (6): Linear(in_features=256, out_features=512, bias=True)
[ INFO : 2019-12-23 16:56:21,459 ] -     (7): BatchNorm1d(512, eps=1e-05, momentum=0.1, affine=True, track_running_stats=True)
[ INFO : 2019-12-23 16:56:21,459 ] -     (8): ReLU()
[ INFO : 2019-12-23 16:56:21,459 ] -     (9): Linear(in_features=512, out_features=256, bias=True)
[ INFO : 2019-12-23 16:56:21,459 ] -     (10): BatchNorm1d(256, eps=1e-05, momentum=0.1, affine=True, track_running_stats=True)
[ INFO : 2019-12-23 16:56:21,460 ] -     (11): ReLU()
[ INFO : 2019-12-23 16:56:21,460 ] -     (12): Linear(in_features=256, out_features=128, bias=True)
[ INFO : 2019-12-23 16:56:21,460 ] -     (13): BatchNorm1d(128, eps=1e-05, momentum=0.1, affine=True, track_running_stats=True)
[ INFO : 2019-12-23 16:56:21,460 ] -     (14): ReLU()
[ INFO : 2019-12-23 16:56:21,460 ] -     (15): Linear(in_features=128, out_features=64, bias=True)
[ INFO : 2019-12-23 16:56:21,460 ] -     (16): BatchNorm1d(64, eps=1e-05, momentum=0.1, affine=True, track_running_stats=True)
[ INFO : 2019-12-23 16:56:21,460 ] -     (17): ReLU()
[ INFO : 2019-12-23 16:56:21,460 ] -     (18): Linear(in_features=64, out_features=51, bias=True)
[ INFO : 2019-12-23 16:56:21,460 ] -   )
[ INFO : 2019-12-23 16:56:21,460 ] - )
[ INFO : 2019-12-23 16:56:25,733 ] - <== Training Started ==>
[ INFO : 2019-12-23 16:56:25,733 ] - +-----------+-----------+-----------+
[ INFO : 2019-12-23 16:56:25,733 ] - |   Epoch   | Loss(CV)  |  Acc(CV)  |
[ INFO : 2019-12-23 16:56:25,733 ] - +-----------+-----------+-----------+
[ INFO : 2019-12-23 16:58:04,680 ] - |          1|     1.3827|    0.56843|
[ INFO : 2019-12-23 16:59:44,064 ] - |          2|     1.2625|    0.59615|
[ INFO : 2019-12-23 17:01:23,888 ] - |          3|     1.2197|    0.60852|
[ INFO : 2019-12-23 17:03:06,544 ] - |          4|     1.1876|    0.61871|
[ INFO : 2019-12-23 17:04:50,040 ] - |          5|     1.1758|    0.62112|
[ INFO : 2019-12-23 17:06:30,021 ] - |          6|     1.1781|    0.62183|
[ INFO : 2019-12-23 17:08:10,002 ] - |          7|      1.174|    0.62492|
[ INFO : 2019-12-23 17:09:49,297 ] - |          8|     1.1804|    0.62338|
[ INFO : 2019-12-23 17:11:28,769 ] - |          9|     1.1844|    0.62358|
[ INFO : 2019-12-23 17:13:08,437 ] - |         10|     1.1945|    0.62051|
[ INFO : 2019-12-23 17:14:48,210 ] - |         11|     1.1992|    0.62159|
[ INFO : 2019-12-23 17:16:27,676 ] - |         12|     1.2086|    0.61998|
[ INFO : 2019-12-23 17:18:05,738 ] - |         13|     1.2187|    0.61906|
[ INFO : 2019-12-23 17:19:45,254 ] - |         14|     1.2301|     0.6192|
[ INFO : 2019-12-23 17:21:24,635 ] - |         15|     1.2312|    0.61996|
[ INFO : 2019-12-23 17:23:03,584 ] - |         16|     1.2362|    0.61925|
[ INFO : 2019-12-23 17:24:43,091 ] - |         17|      1.253|    0.61664|
[ INFO : 2019-12-23 17:24:43,092 ] - +-----------+-----------+-----------+
[ INFO : 2019-12-23 17:24:48,137 ] - Acc on Eval: 61.40%
