[ INFO : 2019-12-23 15:59:50,429 ] - Storing data at: exp/dnn_ae_true
[ INFO : 2019-12-23 15:59:50,430 ] - <== Passed Arguments ==>
[ INFO : 2019-12-23 15:59:50,430 ] - {'classifier': 'dnn_classifier',
[ INFO : 2019-12-23 15:59:50,430 ] -  'classifier_args': {'hid_dims': [128, 256, 512, 256, 128, 64], 'num_cls': 51},
[ INFO : 2019-12-23 15:59:50,431 ] -  'context': 2,
[ INFO : 2019-12-23 15:59:50,431 ] -  'dataloader_args': {'batch_size': 2048, 'num_workers': 8},
[ INFO : 2019-12-23 15:59:50,431 ] -  'dev_feat_stream': 'apply-cmvn '
[ INFO : 2019-12-23 15:59:50,431 ] -                     '--utt2spk=ark:/mnt/lustre/sjtu/home/zkz01/timit/data_mfcc/dev/utt2spk '
[ INFO : 2019-12-23 15:59:50,431 ] -                     'scp:/mnt/lustre/sjtu/home/zkz01/timit/data_mfcc/dev/cmvn.scp '
[ INFO : 2019-12-23 15:59:50,431 ] -                     'scp:/mnt/lustre/sjtu/home/zkz01/timit/data_mfcc/dev/feats.scp '
[ INFO : 2019-12-23 15:59:50,431 ] -                     'ark:- |apply-cmvn-sliding --min-cmn-window=15 '
[ INFO : 2019-12-23 15:59:50,431 ] -                     '--cmn-window=1000 ark:- ark:- | add-deltas ark:- ark:- | '
[ INFO : 2019-12-23 15:59:50,431 ] -                     'splice-feats --left-context={} --right-context={} ark:- '
[ INFO : 2019-12-23 15:59:50,431 ] -                     'ark:- |',
[ INFO : 2019-12-23 15:59:50,431 ] -  'dev_label_stream': 'copy-int-vector '
[ INFO : 2019-12-23 15:59:50,431 ] -                      'ark:/mnt/lustre/sjtu/home/xnx98/zkz01/timit/data_for_brainlike/ali_dev.txt '
[ INFO : 2019-12-23 15:59:50,431 ] -                      'ark:- |',
[ INFO : 2019-12-23 15:59:50,431 ] -  'early_stop': 10,
[ INFO : 2019-12-23 15:59:50,431 ] -  'encoder': 'FcEncoder',
[ INFO : 2019-12-23 15:59:50,431 ] -  'encoder_args': {'hid_dims': [256, 128], 'latent_dim': 64},
[ INFO : 2019-12-23 15:59:50,431 ] -  'encoder_path': 'exp/ae_212/model.pth',
[ INFO : 2019-12-23 15:59:50,431 ] -  'epochs': 200,
[ INFO : 2019-12-23 15:59:50,431 ] -  'fix_encoder': True,
[ INFO : 2019-12-23 15:59:50,431 ] -  'improvecriterion': 'loss',
[ INFO : 2019-12-23 15:59:50,431 ] -  'num_freq': 39,
[ INFO : 2019-12-23 15:59:50,431 ] -  'optimizer': 'Adam',
[ INFO : 2019-12-23 15:59:50,431 ] -  'optimizer_args': {'lr': 0.001},
[ INFO : 2019-12-23 15:59:50,431 ] -  'scaler_path': 'exp/scaler.pth',
[ INFO : 2019-12-23 15:59:50,432 ] -  'scheduler': 'ReduceLROnPlateau',
[ INFO : 2019-12-23 15:59:50,432 ] -  'scheduler_args': {'cooldown': 1,
[ INFO : 2019-12-23 15:59:50,432 ] -                     'factor': 0.1,
[ INFO : 2019-12-23 15:59:50,432 ] -                     'mode': 'min',
[ INFO : 2019-12-23 15:59:50,432 ] -                     'patience': 10,
[ INFO : 2019-12-23 15:59:50,432 ] -                     'threshold': 0.001,
[ INFO : 2019-12-23 15:59:50,432 ] -                     'verbose': False},
[ INFO : 2019-12-23 15:59:50,432 ] -  'test_feat_stream': 'apply-cmvn '
[ INFO : 2019-12-23 15:59:50,432 ] -                      '--utt2spk=ark:/mnt/lustre/sjtu/home/zkz01/timit/data_mfcc/test/utt2spk '
[ INFO : 2019-12-23 15:59:50,432 ] -                      'scp:/mnt/lustre/sjtu/home/zkz01/timit/data_mfcc/test/cmvn.scp '
[ INFO : 2019-12-23 15:59:50,432 ] -                      'scp:/mnt/lustre/sjtu/home/zkz01/timit/data_mfcc/test/feats.scp '
[ INFO : 2019-12-23 15:59:50,432 ] -                      'ark:- |apply-cmvn-sliding --min-cmn-window=15 '
[ INFO : 2019-12-23 15:59:50,432 ] -                      '--cmn-window=1000 ark:- ark:- | add-deltas ark:- ark:- | '
[ INFO : 2019-12-23 15:59:50,432 ] -                      'splice-feats --left-context={} --right-context={} ark:- '
[ INFO : 2019-12-23 15:59:50,432 ] -                      'ark:- |',
[ INFO : 2019-12-23 15:59:50,432 ] -  'test_label_stream': 'copy-int-vector '
[ INFO : 2019-12-23 15:59:50,432 ] -                       'ark:/mnt/lustre/sjtu/home/xnx98/zkz01/timit/data_for_brainlike/ali_test.txt '
[ INFO : 2019-12-23 15:59:50,432 ] -                       'ark:- |',
[ INFO : 2019-12-23 15:59:50,432 ] -  'train_feat_stream': 'apply-cmvn '
[ INFO : 2019-12-23 15:59:50,432 ] -                       '--utt2spk=ark:/mnt/lustre/sjtu/home/zkz01/timit/data_mfcc/train/utt2spk '
[ INFO : 2019-12-23 15:59:50,432 ] -                       'scp:/mnt/lustre/sjtu/home/zkz01/timit/data_mfcc/train/cmvn.scp '
[ INFO : 2019-12-23 15:59:50,432 ] -                       'scp:/mnt/lustre/sjtu/home/zkz01/timit/data_mfcc/train/feats.scp '
[ INFO : 2019-12-23 15:59:50,432 ] -                       'ark:- |apply-cmvn-sliding --min-cmn-window=15 '
[ INFO : 2019-12-23 15:59:50,432 ] -                       '--cmn-window=1000 ark:- ark:- | add-deltas ark:- ark:- '
[ INFO : 2019-12-23 15:59:50,432 ] -                       '| splice-feats --left-context={} --right-context={} '
[ INFO : 2019-12-23 15:59:50,433 ] -                       'ark:- ark:- |',
[ INFO : 2019-12-23 15:59:50,433 ] -  'train_label_stream': 'copy-int-vector '
[ INFO : 2019-12-23 15:59:50,433 ] -                        'ark:/mnt/lustre/sjtu/home/xnx98/zkz01/timit/data_for_brainlike/ali_train.txt '
[ INFO : 2019-12-23 15:59:50,433 ] -                        'ark:- |'}
[ INFO : 2019-12-23 15:59:57,901 ] - <== Encoder ==>
[ INFO : 2019-12-23 15:59:57,901 ] - FcEncoder(
[ INFO : 2019-12-23 15:59:57,901 ] -   (model): Sequential(
[ INFO : 2019-12-23 15:59:57,901 ] -     (0): Linear(in_features=195, out_features=256, bias=True)
[ INFO : 2019-12-23 15:59:57,901 ] -     (1): ReLU()
[ INFO : 2019-12-23 15:59:57,901 ] -     (2): Linear(in_features=256, out_features=128, bias=True)
[ INFO : 2019-12-23 15:59:57,901 ] -     (3): ReLU()
[ INFO : 2019-12-23 15:59:57,902 ] -     (4): Linear(in_features=128, out_features=64, bias=True)
[ INFO : 2019-12-23 15:59:57,902 ] -   )
[ INFO : 2019-12-23 15:59:57,902 ] - )
[ INFO : 2019-12-23 15:59:57,902 ] - <== Classifier ==>
[ INFO : 2019-12-23 15:59:57,902 ] - dnn_classifier(
[ INFO : 2019-12-23 15:59:57,902 ] -   (model): Sequential(
[ INFO : 2019-12-23 15:59:57,902 ] -     (0): Linear(in_features=64, out_features=128, bias=True)
[ INFO : 2019-12-23 15:59:57,902 ] -     (1): BatchNorm1d(128, eps=1e-05, momentum=0.1, affine=True, track_running_stats=True)
[ INFO : 2019-12-23 15:59:57,902 ] -     (2): ReLU()
[ INFO : 2019-12-23 15:59:57,902 ] -     (3): Linear(in_features=128, out_features=256, bias=True)
[ INFO : 2019-12-23 15:59:57,902 ] -     (4): BatchNorm1d(256, eps=1e-05, momentum=0.1, affine=True, track_running_stats=True)
[ INFO : 2019-12-23 15:59:57,902 ] -     (5): ReLU()
[ INFO : 2019-12-23 15:59:57,902 ] -     (6): Linear(in_features=256, out_features=512, bias=True)
[ INFO : 2019-12-23 15:59:57,902 ] -     (7): BatchNorm1d(512, eps=1e-05, momentum=0.1, affine=True, track_running_stats=True)
[ INFO : 2019-12-23 15:59:57,902 ] -     (8): ReLU()
[ INFO : 2019-12-23 15:59:57,902 ] -     (9): Linear(in_features=512, out_features=256, bias=True)
[ INFO : 2019-12-23 15:59:57,902 ] -     (10): BatchNorm1d(256, eps=1e-05, momentum=0.1, affine=True, track_running_stats=True)
[ INFO : 2019-12-23 15:59:57,902 ] -     (11): ReLU()
[ INFO : 2019-12-23 15:59:57,902 ] -     (12): Linear(in_features=256, out_features=128, bias=True)
[ INFO : 2019-12-23 15:59:57,902 ] -     (13): BatchNorm1d(128, eps=1e-05, momentum=0.1, affine=True, track_running_stats=True)
[ INFO : 2019-12-23 15:59:57,902 ] -     (14): ReLU()
[ INFO : 2019-12-23 15:59:57,902 ] -     (15): Linear(in_features=128, out_features=64, bias=True)
[ INFO : 2019-12-23 15:59:57,902 ] -     (16): BatchNorm1d(64, eps=1e-05, momentum=0.1, affine=True, track_running_stats=True)
[ INFO : 2019-12-23 15:59:57,903 ] -     (17): ReLU()
[ INFO : 2019-12-23 15:59:57,903 ] -     (18): Linear(in_features=64, out_features=51, bias=True)
[ INFO : 2019-12-23 15:59:57,903 ] -   )
[ INFO : 2019-12-23 15:59:57,903 ] - )
[ INFO : 2019-12-23 16:00:00,481 ] - <== Training Started ==>
[ INFO : 2019-12-23 16:00:00,481 ] - +-----------+-----------+-----------+
[ INFO : 2019-12-23 16:00:00,481 ] - |   Epoch   | Loss(CV)  |  Acc(CV)  |
[ INFO : 2019-12-23 16:00:00,481 ] - +-----------+-----------+-----------+
[ INFO : 2019-12-23 16:00:34,499 ] - |          1|     1.1093|    0.64614|
[ INFO : 2019-12-23 16:01:07,256 ] - |          2|      1.033|    0.66359|
[ INFO : 2019-12-23 16:01:41,112 ] - |          3|     1.0047|       0.67|
[ INFO : 2019-12-23 16:02:13,692 ] - |          4|    0.99312|     0.6745|
[ INFO : 2019-12-23 16:02:46,458 ] - |          5|    0.99526|    0.67555|
[ INFO : 2019-12-23 16:03:18,981 ] - |          6|     1.0028|    0.67551|
[ INFO : 2019-12-23 16:03:52,279 ] - |          7|     1.0104|    0.67499|
[ INFO : 2019-12-23 16:04:25,624 ] - |          8|     1.0252|     0.6741|
[ INFO : 2019-12-23 16:04:58,763 ] - |          9|     1.0394|    0.67366|
[ INFO : 2019-12-23 16:05:31,795 ] - |         10|      1.054|    0.67195|
[ INFO : 2019-12-23 16:06:04,198 ] - |         11|     1.0659|    0.67137|
[ INFO : 2019-12-23 16:06:37,171 ] - |         12|     1.0839|    0.67118|
[ INFO : 2019-12-23 16:07:09,909 ] - |         13|     1.0974|    0.66929|
[ INFO : 2019-12-23 16:07:42,883 ] - |         14|     1.1144|    0.66759|
[ INFO : 2019-12-23 16:07:42,904 ] - +-----------+-----------+-----------+
[ INFO : 2019-12-23 16:07:44,660 ] - Acc on Eval: 67.01%
