[ INFO : 2019-12-23 17:49:57,904 ] - Storing data at: exp/dnn_212_fbank_false
[ INFO : 2019-12-23 17:49:57,905 ] - <== Passed Arguments ==>
[ INFO : 2019-12-23 17:49:57,906 ] - {'classifier': 'dnn_classifier',
[ INFO : 2019-12-23 17:49:57,906 ] -  'classifier_args': {'hid_dims': [128, 256, 512, 256, 128, 64], 'num_cls': 51},
[ INFO : 2019-12-23 17:49:57,906 ] -  'context': 2,
[ INFO : 2019-12-23 17:49:57,906 ] -  'dataloader_args': {'batch_size': 2048, 'num_workers': 8},
[ INFO : 2019-12-23 17:49:57,906 ] -  'dev_feat_stream': 'apply-cmvn '
[ INFO : 2019-12-23 17:49:57,906 ] -                     '--utt2spk=ark:/mnt/lustre/sjtu/home/zkz01/timit/data_fbank/dev/utt2spk '
[ INFO : 2019-12-23 17:49:57,906 ] -                     'scp:/mnt/lustre/sjtu/home/zkz01/timit/data_fbank/dev/cmvn.scp '
[ INFO : 2019-12-23 17:49:57,906 ] -                     'scp:/mnt/lustre/sjtu/home/zkz01/timit/data_fbank/dev/feats.scp '
[ INFO : 2019-12-23 17:49:57,906 ] -                     'ark:- |apply-cmvn-sliding --min-cmn-window=15 '
[ INFO : 2019-12-23 17:49:57,906 ] -                     '--cmn-window=1000 ark:- ark:- | splice-feats '
[ INFO : 2019-12-23 17:49:57,906 ] -                     '--left-context={} --right-context={} ark:- ark:-|',
[ INFO : 2019-12-23 17:49:57,906 ] -  'dev_label_stream': 'copy-int-vector '
[ INFO : 2019-12-23 17:49:57,906 ] -                      'ark:/mnt/lustre/sjtu/home/xnx98/zkz01/timit/data_for_brainlike/ali_dev.txt '
[ INFO : 2019-12-23 17:49:57,906 ] -                      'ark:- |',
[ INFO : 2019-12-23 17:49:57,906 ] -  'early_stop': 10,
[ INFO : 2019-12-23 17:49:57,906 ] -  'encoder': 'FcEncoder',
[ INFO : 2019-12-23 17:49:57,907 ] -  'encoder_args': {'hid_dims': [256, 128], 'latent_dim': 64},
[ INFO : 2019-12-23 17:49:57,907 ] -  'encoder_path': 'exp/ae_212_fbank/model.pth',
[ INFO : 2019-12-23 17:49:57,907 ] -  'epochs': 200,
[ INFO : 2019-12-23 17:49:57,907 ] -  'fix_encoder': 'false',
[ INFO : 2019-12-23 17:49:57,907 ] -  'improvecriterion': 'loss',
[ INFO : 2019-12-23 17:49:57,907 ] -  'num_freq': 80,
[ INFO : 2019-12-23 17:49:57,907 ] -  'optimizer': 'Adam',
[ INFO : 2019-12-23 17:49:57,907 ] -  'optimizer_args': {'lr': 0.001},
[ INFO : 2019-12-23 17:49:57,907 ] -  'scaler_path': 'exp/scaler_fbank.pth',
[ INFO : 2019-12-23 17:49:57,907 ] -  'scheduler': 'ReduceLROnPlateau',
[ INFO : 2019-12-23 17:49:57,907 ] -  'scheduler_args': {'cooldown': 1,
[ INFO : 2019-12-23 17:49:57,907 ] -                     'factor': 0.1,
[ INFO : 2019-12-23 17:49:57,907 ] -                     'mode': 'min',
[ INFO : 2019-12-23 17:49:57,907 ] -                     'patience': 10,
[ INFO : 2019-12-23 17:49:57,907 ] -                     'threshold': 0.001,
[ INFO : 2019-12-23 17:49:57,907 ] -                     'verbose': False},
[ INFO : 2019-12-23 17:49:57,907 ] -  'test_feat_stream': 'apply-cmvn '
[ INFO : 2019-12-23 17:49:57,907 ] -                      '--utt2spk=ark:/mnt/lustre/sjtu/home/zkz01/timit/data_fbank/test/utt2spk '
[ INFO : 2019-12-23 17:49:57,907 ] -                      'scp:/mnt/lustre/sjtu/home/zkz01/timit/data_fbank/test/cmvn.scp '
[ INFO : 2019-12-23 17:49:57,907 ] -                      'scp:/mnt/lustre/sjtu/home/zkz01/timit/data_fbank/test/feats.scp '
[ INFO : 2019-12-23 17:49:57,907 ] -                      'ark:- |apply-cmvn-sliding --min-cmn-window=15 '
[ INFO : 2019-12-23 17:49:57,907 ] -                      '--cmn-window=1000 ark:- ark:- | splice-feats '
[ INFO : 2019-12-23 17:49:57,907 ] -                      '--left-context={} --right-context={} ark:- ark:-|',
[ INFO : 2019-12-23 17:49:57,907 ] -  'test_label_stream': 'copy-int-vector '
[ INFO : 2019-12-23 17:49:57,907 ] -                       'ark:/mnt/lustre/sjtu/home/xnx98/zkz01/timit/data_for_brainlike/ali_test.txt '
[ INFO : 2019-12-23 17:49:57,908 ] -                       'ark:- |',
[ INFO : 2019-12-23 17:49:57,908 ] -  'train_feat_stream': 'apply-cmvn '
[ INFO : 2019-12-23 17:49:57,908 ] -                       '--utt2spk=ark:/mnt/lustre/sjtu/home/zkz01/timit/data_fbank/train/utt2spk '
[ INFO : 2019-12-23 17:49:57,908 ] -                       'scp:/mnt/lustre/sjtu/home/zkz01/timit/data_fbank/train/cmvn.scp '
[ INFO : 2019-12-23 17:49:57,908 ] -                       'scp:/mnt/lustre/sjtu/home/zkz01/timit/data_fbank/train/feats.scp '
[ INFO : 2019-12-23 17:49:57,908 ] -                       'ark:- |apply-cmvn-sliding --min-cmn-window=15 '
[ INFO : 2019-12-23 17:49:57,908 ] -                       '--cmn-window=1000 ark:- ark:- | splice-feats '
[ INFO : 2019-12-23 17:49:57,908 ] -                       '--left-context={} --right-context={} ark:- ark:-|',
[ INFO : 2019-12-23 17:49:57,908 ] -  'train_label_stream': 'copy-int-vector '
[ INFO : 2019-12-23 17:49:57,908 ] -                        'ark:/mnt/lustre/sjtu/home/xnx98/zkz01/timit/data_for_brainlike/ali_train.txt '
[ INFO : 2019-12-23 17:49:57,908 ] -                        'ark:- |'}
[ INFO : 2019-12-23 17:50:19,028 ] - <== Encoder ==>
[ INFO : 2019-12-23 17:50:19,029 ] - FcEncoder(
[ INFO : 2019-12-23 17:50:19,029 ] -   (model): Sequential(
[ INFO : 2019-12-23 17:50:19,029 ] -     (0): Linear(in_features=400, out_features=256, bias=True)
[ INFO : 2019-12-23 17:50:19,029 ] -     (1): ReLU()
[ INFO : 2019-12-23 17:50:19,029 ] -     (2): Linear(in_features=256, out_features=128, bias=True)
[ INFO : 2019-12-23 17:50:19,029 ] -     (3): ReLU()
[ INFO : 2019-12-23 17:50:19,029 ] -     (4): Linear(in_features=128, out_features=64, bias=True)
[ INFO : 2019-12-23 17:50:19,029 ] -   )
[ INFO : 2019-12-23 17:50:19,029 ] - )
[ INFO : 2019-12-23 17:50:19,029 ] - <== Classifier ==>
[ INFO : 2019-12-23 17:50:19,029 ] - dnn_classifier(
[ INFO : 2019-12-23 17:50:19,029 ] -   (model): Sequential(
[ INFO : 2019-12-23 17:50:19,029 ] -     (0): Linear(in_features=64, out_features=128, bias=True)
[ INFO : 2019-12-23 17:50:19,029 ] -     (1): BatchNorm1d(128, eps=1e-05, momentum=0.1, affine=True, track_running_stats=True)
[ INFO : 2019-12-23 17:50:19,029 ] -     (2): ReLU()
[ INFO : 2019-12-23 17:50:19,030 ] -     (3): Linear(in_features=128, out_features=256, bias=True)
[ INFO : 2019-12-23 17:50:19,030 ] -     (4): BatchNorm1d(256, eps=1e-05, momentum=0.1, affine=True, track_running_stats=True)
[ INFO : 2019-12-23 17:50:19,030 ] -     (5): ReLU()
[ INFO : 2019-12-23 17:50:19,030 ] -     (6): Linear(in_features=256, out_features=512, bias=True)
[ INFO : 2019-12-23 17:50:19,030 ] -     (7): BatchNorm1d(512, eps=1e-05, momentum=0.1, affine=True, track_running_stats=True)
[ INFO : 2019-12-23 17:50:19,030 ] -     (8): ReLU()
[ INFO : 2019-12-23 17:50:19,030 ] -     (9): Linear(in_features=512, out_features=256, bias=True)
[ INFO : 2019-12-23 17:50:19,030 ] -     (10): BatchNorm1d(256, eps=1e-05, momentum=0.1, affine=True, track_running_stats=True)
[ INFO : 2019-12-23 17:50:19,030 ] -     (11): ReLU()
[ INFO : 2019-12-23 17:50:19,030 ] -     (12): Linear(in_features=256, out_features=128, bias=True)
[ INFO : 2019-12-23 17:50:19,030 ] -     (13): BatchNorm1d(128, eps=1e-05, momentum=0.1, affine=True, track_running_stats=True)
[ INFO : 2019-12-23 17:50:19,030 ] -     (14): ReLU()
[ INFO : 2019-12-23 17:50:19,030 ] -     (15): Linear(in_features=128, out_features=64, bias=True)
[ INFO : 2019-12-23 17:50:19,030 ] -     (16): BatchNorm1d(64, eps=1e-05, momentum=0.1, affine=True, track_running_stats=True)
[ INFO : 2019-12-23 17:50:19,030 ] -     (17): ReLU()
[ INFO : 2019-12-23 17:50:19,030 ] -     (18): Linear(in_features=64, out_features=51, bias=True)
[ INFO : 2019-12-23 17:50:19,030 ] -   )
[ INFO : 2019-12-23 17:50:19,030 ] - )
[ INFO : 2019-12-23 17:50:35,293 ] - <== Training Started ==>
[ INFO : 2019-12-23 17:50:35,293 ] - +-----------+-----------+-----------+
[ INFO : 2019-12-23 17:50:35,293 ] - |   Epoch   | Loss(CV)  |  Acc(CV)  |
[ INFO : 2019-12-23 17:50:35,293 ] - +-----------+-----------+-----------+
[ INFO : 2019-12-23 17:51:15,179 ] - |          1|      1.333|    0.58044|
[ INFO : 2019-12-23 17:51:53,915 ] - |          2|     1.2421|    0.60169|
[ INFO : 2019-12-23 17:52:31,714 ] - |          3|     1.1984|    0.61605|
[ INFO : 2019-12-23 17:53:08,931 ] - |          4|     1.1865|    0.61978|
[ INFO : 2019-12-23 17:53:47,505 ] - |          5|     1.1909|    0.61908|
[ INFO : 2019-12-23 17:54:26,012 ] - |          6|     1.1803|    0.62147|
[ INFO : 2019-12-23 17:55:03,752 ] - |          7|     1.1906|    0.62025|
[ INFO : 2019-12-23 17:55:42,667 ] - |          8|     1.1858|    0.62186|
[ INFO : 2019-12-23 17:56:20,928 ] - |          9|     1.2002|    0.62007|
[ INFO : 2019-12-23 17:56:58,893 ] - |         10|     1.2061|    0.61989|
[ INFO : 2019-12-23 17:57:37,471 ] - |         11|     1.2084|    0.62075|
[ INFO : 2019-12-23 17:58:17,176 ] - |         12|     1.2122|    0.62045|
[ INFO : 2019-12-23 17:58:56,268 ] - |         13|     1.2214|    0.61928|
[ INFO : 2019-12-23 17:59:35,186 ] - |         14|     1.2334|    0.61785|
[ INFO : 2019-12-23 18:00:13,140 ] - |         15|     1.2456|     0.6159|
[ INFO : 2019-12-23 18:00:51,003 ] - |         16|     1.2573|    0.61482|
[ INFO : 2019-12-23 18:00:51,054 ] - +-----------+-----------+-----------+
[ INFO : 2019-12-23 18:00:53,524 ] - Acc on Eval: 61.05%
