[ INFO : 2019-12-23 14:00:27,468 ] - Storing data at: exp/dnn_random_212
[ INFO : 2019-12-23 14:00:27,469 ] - <== Passed Arguments ==>
[ INFO : 2019-12-23 14:00:27,469 ] - {'classifier': 'dnn_classifier',
[ INFO : 2019-12-23 14:00:27,470 ] -  'classifier_args': {'hid_dims': [128, 256, 512, 256, 128, 64], 'num_cls': 51},
[ INFO : 2019-12-23 14:00:27,470 ] -  'context': 2,
[ INFO : 2019-12-23 14:00:27,470 ] -  'dataloader_args': {'batch_size': 2048, 'num_workers': 8},
[ INFO : 2019-12-23 14:00:27,470 ] -  'dev_feat_stream': 'apply-cmvn '
[ INFO : 2019-12-23 14:00:27,470 ] -                     '--utt2spk=ark:/mnt/lustre/sjtu/home/zkz01/timit/data_mfcc/dev/utt2spk '
[ INFO : 2019-12-23 14:00:27,470 ] -                     'scp:/mnt/lustre/sjtu/home/zkz01/timit/data_mfcc/dev/cmvn.scp '
[ INFO : 2019-12-23 14:00:27,470 ] -                     'scp:/mnt/lustre/sjtu/home/zkz01/timit/data_mfcc/dev/feats.scp '
[ INFO : 2019-12-23 14:00:27,470 ] -                     'ark:- |apply-cmvn-sliding --min-cmn-window=15 '
[ INFO : 2019-12-23 14:00:27,470 ] -                     '--cmn-window=1000 ark:- ark:- | add-deltas ark:- ark:- | '
[ INFO : 2019-12-23 14:00:27,470 ] -                     'splice-feats --left-context={} --right-context={} ark:- '
[ INFO : 2019-12-23 14:00:27,470 ] -                     'ark:- |',
[ INFO : 2019-12-23 14:00:27,470 ] -  'dev_label_stream': 'copy-int-vector '
[ INFO : 2019-12-23 14:00:27,470 ] -                      'ark:/mnt/lustre/sjtu/home/xnx98/zkz01/timit/data_for_brainlike/ali_dev.txt '
[ INFO : 2019-12-23 14:00:27,470 ] -                      'ark:- |',
[ INFO : 2019-12-23 14:00:27,470 ] -  'early_stop': 10,
[ INFO : 2019-12-23 14:00:27,470 ] -  'encoder': 'FcEncoder',
[ INFO : 2019-12-23 14:00:27,470 ] -  'encoder_args': {'hid_dims': [256, 128], 'latent_dim': 64},
[ INFO : 2019-12-23 14:00:27,470 ] -  'encoder_path': None,
[ INFO : 2019-12-23 14:00:27,470 ] -  'epochs': 200,
[ INFO : 2019-12-23 14:00:27,470 ] -  'fix_encoder': None,
[ INFO : 2019-12-23 14:00:27,470 ] -  'improvecriterion': 'loss',
[ INFO : 2019-12-23 14:00:27,470 ] -  'num_freq': 39,
[ INFO : 2019-12-23 14:00:27,470 ] -  'optimizer': 'Adam',
[ INFO : 2019-12-23 14:00:27,471 ] -  'optimizer_args': {'lr': 0.001},
[ INFO : 2019-12-23 14:00:27,471 ] -  'scaler_path': 'exp/scaler.pth',
[ INFO : 2019-12-23 14:00:27,471 ] -  'scheduler': 'ReduceLROnPlateau',
[ INFO : 2019-12-23 14:00:27,471 ] -  'scheduler_args': {'cooldown': 1,
[ INFO : 2019-12-23 14:00:27,471 ] -                     'factor': 0.1,
[ INFO : 2019-12-23 14:00:27,471 ] -                     'mode': 'min',
[ INFO : 2019-12-23 14:00:27,471 ] -                     'patience': 10,
[ INFO : 2019-12-23 14:00:27,471 ] -                     'threshold': 0.001,
[ INFO : 2019-12-23 14:00:27,471 ] -                     'verbose': False},
[ INFO : 2019-12-23 14:00:27,471 ] -  'test_feat_stream': 'apply-cmvn '
[ INFO : 2019-12-23 14:00:27,471 ] -                      '--utt2spk=ark:/mnt/lustre/sjtu/home/zkz01/timit/data_mfcc/test/utt2spk '
[ INFO : 2019-12-23 14:00:27,471 ] -                      'scp:/mnt/lustre/sjtu/home/zkz01/timit/data_mfcc/test/cmvn.scp '
[ INFO : 2019-12-23 14:00:27,471 ] -                      'scp:/mnt/lustre/sjtu/home/zkz01/timit/data_mfcc/test/feats.scp '
[ INFO : 2019-12-23 14:00:27,471 ] -                      'ark:- |apply-cmvn-sliding --min-cmn-window=15 '
[ INFO : 2019-12-23 14:00:27,471 ] -                      '--cmn-window=1000 ark:- ark:- | add-deltas ark:- ark:- | '
[ INFO : 2019-12-23 14:00:27,471 ] -                      'splice-feats --left-context={} --right-context={} ark:- '
[ INFO : 2019-12-23 14:00:27,471 ] -                      'ark:- |',
[ INFO : 2019-12-23 14:00:27,471 ] -  'test_label_stream': 'copy-int-vector '
[ INFO : 2019-12-23 14:00:27,471 ] -                       'ark:/mnt/lustre/sjtu/home/xnx98/zkz01/timit/data_for_brainlike/ali_test.txt '
[ INFO : 2019-12-23 14:00:27,471 ] -                       'ark:- |',
[ INFO : 2019-12-23 14:00:27,471 ] -  'train_feat_stream': 'apply-cmvn '
[ INFO : 2019-12-23 14:00:27,471 ] -                       '--utt2spk=ark:/mnt/lustre/sjtu/home/zkz01/timit/data_mfcc/train/utt2spk '
[ INFO : 2019-12-23 14:00:27,471 ] -                       'scp:/mnt/lustre/sjtu/home/zkz01/timit/data_mfcc/train/cmvn.scp '
[ INFO : 2019-12-23 14:00:27,471 ] -                       'scp:/mnt/lustre/sjtu/home/zkz01/timit/data_mfcc/train/feats.scp '
[ INFO : 2019-12-23 14:00:27,471 ] -                       'ark:- |apply-cmvn-sliding --min-cmn-window=15 '
[ INFO : 2019-12-23 14:00:27,472 ] -                       '--cmn-window=1000 ark:- ark:- | add-deltas ark:- ark:- '
[ INFO : 2019-12-23 14:00:27,472 ] -                       '| splice-feats --left-context={} --right-context={} '
[ INFO : 2019-12-23 14:00:27,472 ] -                       'ark:- ark:- |',
[ INFO : 2019-12-23 14:00:27,472 ] -  'train_label_stream': 'copy-int-vector '
[ INFO : 2019-12-23 14:00:27,472 ] -                        'ark:/mnt/lustre/sjtu/home/xnx98/zkz01/timit/data_for_brainlike/ali_train.txt '
[ INFO : 2019-12-23 14:00:27,472 ] -                        'ark:- |'}
[ INFO : 2019-12-23 14:00:57,053 ] - <== Encoder ==>
[ INFO : 2019-12-23 14:00:57,054 ] - FcEncoder(
[ INFO : 2019-12-23 14:00:57,054 ] -   (model): Sequential(
[ INFO : 2019-12-23 14:00:57,054 ] -     (0): Linear(in_features=195, out_features=256, bias=True)
[ INFO : 2019-12-23 14:00:57,054 ] -     (1): ReLU()
[ INFO : 2019-12-23 14:00:57,054 ] -     (2): Linear(in_features=256, out_features=128, bias=True)
[ INFO : 2019-12-23 14:00:57,054 ] -     (3): ReLU()
[ INFO : 2019-12-23 14:00:57,054 ] -     (4): Linear(in_features=128, out_features=64, bias=True)
[ INFO : 2019-12-23 14:00:57,054 ] -   )
[ INFO : 2019-12-23 14:00:57,054 ] - )
[ INFO : 2019-12-23 14:00:57,054 ] - <== Classifier ==>
[ INFO : 2019-12-23 14:00:57,054 ] - dnn_classifier(
[ INFO : 2019-12-23 14:00:57,054 ] -   (model): Sequential(
[ INFO : 2019-12-23 14:00:57,054 ] -     (0): Linear(in_features=64, out_features=128, bias=True)
[ INFO : 2019-12-23 14:00:57,054 ] -     (1): BatchNorm1d(128, eps=1e-05, momentum=0.1, affine=True, track_running_stats=True)
[ INFO : 2019-12-23 14:00:57,054 ] -     (2): ReLU()
[ INFO : 2019-12-23 14:00:57,054 ] -     (3): Linear(in_features=128, out_features=256, bias=True)
[ INFO : 2019-12-23 14:00:57,054 ] -     (4): BatchNorm1d(256, eps=1e-05, momentum=0.1, affine=True, track_running_stats=True)
[ INFO : 2019-12-23 14:00:57,054 ] -     (5): ReLU()
[ INFO : 2019-12-23 14:00:57,054 ] -     (6): Linear(in_features=256, out_features=512, bias=True)
[ INFO : 2019-12-23 14:00:57,054 ] -     (7): BatchNorm1d(512, eps=1e-05, momentum=0.1, affine=True, track_running_stats=True)
[ INFO : 2019-12-23 14:00:57,054 ] -     (8): ReLU()
[ INFO : 2019-12-23 14:00:57,055 ] -     (9): Linear(in_features=512, out_features=256, bias=True)
[ INFO : 2019-12-23 14:00:57,055 ] -     (10): BatchNorm1d(256, eps=1e-05, momentum=0.1, affine=True, track_running_stats=True)
[ INFO : 2019-12-23 14:00:57,055 ] -     (11): ReLU()
[ INFO : 2019-12-23 14:00:57,055 ] -     (12): Linear(in_features=256, out_features=128, bias=True)
[ INFO : 2019-12-23 14:00:57,055 ] -     (13): BatchNorm1d(128, eps=1e-05, momentum=0.1, affine=True, track_running_stats=True)
[ INFO : 2019-12-23 14:00:57,055 ] -     (14): ReLU()
[ INFO : 2019-12-23 14:00:57,055 ] -     (15): Linear(in_features=128, out_features=64, bias=True)
[ INFO : 2019-12-23 14:00:57,055 ] -     (16): BatchNorm1d(64, eps=1e-05, momentum=0.1, affine=True, track_running_stats=True)
[ INFO : 2019-12-23 14:00:57,055 ] -     (17): ReLU()
[ INFO : 2019-12-23 14:00:57,055 ] -     (18): Linear(in_features=64, out_features=51, bias=True)
[ INFO : 2019-12-23 14:00:57,055 ] -   )
[ INFO : 2019-12-23 14:00:57,055 ] - )
[ INFO : 2019-12-23 14:05:55,372 ] - Storing data at: exp/dnn_random_212
[ INFO : 2019-12-23 14:05:55,391 ] - <== Passed Arguments ==>
[ INFO : 2019-12-23 14:05:55,391 ] - {'classifier': 'dnn_classifier',
[ INFO : 2019-12-23 14:05:55,391 ] -  'classifier_args': {'hid_dims': [128, 256, 512, 256, 128, 64], 'num_cls': 51},
[ INFO : 2019-12-23 14:05:55,391 ] -  'context': 2,
[ INFO : 2019-12-23 14:05:55,391 ] -  'dataloader_args': {'batch_size': 2048, 'num_workers': 8},
[ INFO : 2019-12-23 14:05:55,392 ] -  'dev_feat_stream': 'apply-cmvn '
[ INFO : 2019-12-23 14:05:55,392 ] -                     '--utt2spk=ark:/mnt/lustre/sjtu/home/zkz01/timit/data_mfcc/dev/utt2spk '
[ INFO : 2019-12-23 14:05:55,392 ] -                     'scp:/mnt/lustre/sjtu/home/zkz01/timit/data_mfcc/dev/cmvn.scp '
[ INFO : 2019-12-23 14:05:55,392 ] -                     'scp:/mnt/lustre/sjtu/home/zkz01/timit/data_mfcc/dev/feats.scp '
[ INFO : 2019-12-23 14:05:55,392 ] -                     'ark:- |apply-cmvn-sliding --min-cmn-window=15 '
[ INFO : 2019-12-23 14:05:55,392 ] -                     '--cmn-window=1000 ark:- ark:- | add-deltas ark:- ark:- | '
[ INFO : 2019-12-23 14:05:55,392 ] -                     'splice-feats --left-context={} --right-context={} ark:- '
[ INFO : 2019-12-23 14:05:55,392 ] -                     'ark:- |',
[ INFO : 2019-12-23 14:05:55,392 ] -  'dev_label_stream': 'copy-int-vector '
[ INFO : 2019-12-23 14:05:55,392 ] -                      'ark:/mnt/lustre/sjtu/home/xnx98/zkz01/timit/data_for_brainlike/ali_dev.txt '
[ INFO : 2019-12-23 14:05:55,392 ] -                      'ark:- |',
[ INFO : 2019-12-23 14:05:55,392 ] -  'early_stop': 10,
[ INFO : 2019-12-23 14:05:55,392 ] -  'encoder': 'FcEncoder',
[ INFO : 2019-12-23 14:05:55,392 ] -  'encoder_args': {'hid_dims': [256, 128], 'latent_dim': 64},
[ INFO : 2019-12-23 14:05:55,392 ] -  'encoder_path': None,
[ INFO : 2019-12-23 14:05:55,392 ] -  'epochs': 200,
[ INFO : 2019-12-23 14:05:55,392 ] -  'fix_encoder': None,
[ INFO : 2019-12-23 14:05:55,392 ] -  'improvecriterion': 'loss',
[ INFO : 2019-12-23 14:05:55,392 ] -  'num_freq': 39,
[ INFO : 2019-12-23 14:05:55,392 ] -  'optimizer': 'Adam',
[ INFO : 2019-12-23 14:05:55,392 ] -  'optimizer_args': {'lr': 0.001},
[ INFO : 2019-12-23 14:05:55,392 ] -  'scaler_path': 'exp/scaler.pth',
[ INFO : 2019-12-23 14:05:55,393 ] -  'scheduler': 'ReduceLROnPlateau',
[ INFO : 2019-12-23 14:05:55,393 ] -  'scheduler_args': {'cooldown': 1,
[ INFO : 2019-12-23 14:05:55,393 ] -                     'factor': 0.1,
[ INFO : 2019-12-23 14:05:55,393 ] -                     'mode': 'min',
[ INFO : 2019-12-23 14:05:55,393 ] -                     'patience': 10,
[ INFO : 2019-12-23 14:05:55,393 ] -                     'threshold': 0.001,
[ INFO : 2019-12-23 14:05:55,393 ] -                     'verbose': False},
[ INFO : 2019-12-23 14:05:55,393 ] -  'test_feat_stream': 'apply-cmvn '
[ INFO : 2019-12-23 14:05:55,393 ] -                      '--utt2spk=ark:/mnt/lustre/sjtu/home/zkz01/timit/data_mfcc/test/utt2spk '
[ INFO : 2019-12-23 14:05:55,393 ] -                      'scp:/mnt/lustre/sjtu/home/zkz01/timit/data_mfcc/test/cmvn.scp '
[ INFO : 2019-12-23 14:05:55,393 ] -                      'scp:/mnt/lustre/sjtu/home/zkz01/timit/data_mfcc/test/feats.scp '
[ INFO : 2019-12-23 14:05:55,393 ] -                      'ark:- |apply-cmvn-sliding --min-cmn-window=15 '
[ INFO : 2019-12-23 14:05:55,393 ] -                      '--cmn-window=1000 ark:- ark:- | add-deltas ark:- ark:- | '
[ INFO : 2019-12-23 14:05:55,393 ] -                      'splice-feats --left-context={} --right-context={} ark:- '
[ INFO : 2019-12-23 14:05:55,393 ] -                      'ark:- |',
[ INFO : 2019-12-23 14:05:55,393 ] -  'test_label_stream': 'copy-int-vector '
[ INFO : 2019-12-23 14:05:55,393 ] -                       'ark:/mnt/lustre/sjtu/home/xnx98/zkz01/timit/data_for_brainlike/ali_test.txt '
[ INFO : 2019-12-23 14:05:55,393 ] -                       'ark:- |',
[ INFO : 2019-12-23 14:05:55,393 ] -  'train_feat_stream': 'apply-cmvn '
[ INFO : 2019-12-23 14:05:55,393 ] -                       '--utt2spk=ark:/mnt/lustre/sjtu/home/zkz01/timit/data_mfcc/train/utt2spk '
[ INFO : 2019-12-23 14:05:55,393 ] -                       'scp:/mnt/lustre/sjtu/home/zkz01/timit/data_mfcc/train/cmvn.scp '
[ INFO : 2019-12-23 14:05:55,393 ] -                       'scp:/mnt/lustre/sjtu/home/zkz01/timit/data_mfcc/train/feats.scp '
[ INFO : 2019-12-23 14:05:55,394 ] -                       'ark:- |apply-cmvn-sliding --min-cmn-window=15 '
[ INFO : 2019-12-23 14:05:55,394 ] -                       '--cmn-window=1000 ark:- ark:- | add-deltas ark:- ark:- '
[ INFO : 2019-12-23 14:05:55,394 ] -                       '| splice-feats --left-context={} --right-context={} '
[ INFO : 2019-12-23 14:05:55,394 ] -                       'ark:- ark:- |',
[ INFO : 2019-12-23 14:05:55,394 ] -  'train_label_stream': 'copy-int-vector '
[ INFO : 2019-12-23 14:05:55,394 ] -                        'ark:/mnt/lustre/sjtu/home/xnx98/zkz01/timit/data_for_brainlike/ali_train.txt '
[ INFO : 2019-12-23 14:05:55,394 ] -                        'ark:- |'}
[ INFO : 2019-12-23 14:06:04,824 ] - <== Encoder ==>
[ INFO : 2019-12-23 14:06:04,824 ] - FcEncoder(
[ INFO : 2019-12-23 14:06:04,824 ] -   (model): Sequential(
[ INFO : 2019-12-23 14:06:04,824 ] -     (0): Linear(in_features=195, out_features=256, bias=True)
[ INFO : 2019-12-23 14:06:04,824 ] -     (1): ReLU()
[ INFO : 2019-12-23 14:06:04,824 ] -     (2): Linear(in_features=256, out_features=128, bias=True)
[ INFO : 2019-12-23 14:06:04,824 ] -     (3): ReLU()
[ INFO : 2019-12-23 14:06:04,824 ] -     (4): Linear(in_features=128, out_features=64, bias=True)
[ INFO : 2019-12-23 14:06:04,825 ] -   )
[ INFO : 2019-12-23 14:06:04,825 ] - )
[ INFO : 2019-12-23 14:06:04,825 ] - <== Classifier ==>
[ INFO : 2019-12-23 14:06:04,825 ] - dnn_classifier(
[ INFO : 2019-12-23 14:06:04,825 ] -   (model): Sequential(
[ INFO : 2019-12-23 14:06:04,825 ] -     (0): Linear(in_features=64, out_features=128, bias=True)
[ INFO : 2019-12-23 14:06:04,825 ] -     (1): BatchNorm1d(128, eps=1e-05, momentum=0.1, affine=True, track_running_stats=True)
[ INFO : 2019-12-23 14:06:04,825 ] -     (2): ReLU()
[ INFO : 2019-12-23 14:06:04,825 ] -     (3): Linear(in_features=128, out_features=256, bias=True)
[ INFO : 2019-12-23 14:06:04,825 ] -     (4): BatchNorm1d(256, eps=1e-05, momentum=0.1, affine=True, track_running_stats=True)
[ INFO : 2019-12-23 14:06:04,825 ] -     (5): ReLU()
[ INFO : 2019-12-23 14:06:04,825 ] -     (6): Linear(in_features=256, out_features=512, bias=True)
[ INFO : 2019-12-23 14:06:04,825 ] -     (7): BatchNorm1d(512, eps=1e-05, momentum=0.1, affine=True, track_running_stats=True)
[ INFO : 2019-12-23 14:06:04,825 ] -     (8): ReLU()
[ INFO : 2019-12-23 14:06:04,825 ] -     (9): Linear(in_features=512, out_features=256, bias=True)
[ INFO : 2019-12-23 14:06:04,825 ] -     (10): BatchNorm1d(256, eps=1e-05, momentum=0.1, affine=True, track_running_stats=True)
[ INFO : 2019-12-23 14:06:04,825 ] -     (11): ReLU()
[ INFO : 2019-12-23 14:06:04,825 ] -     (12): Linear(in_features=256, out_features=128, bias=True)
[ INFO : 2019-12-23 14:06:04,825 ] -     (13): BatchNorm1d(128, eps=1e-05, momentum=0.1, affine=True, track_running_stats=True)
[ INFO : 2019-12-23 14:06:04,825 ] -     (14): ReLU()
[ INFO : 2019-12-23 14:06:04,826 ] -     (15): Linear(in_features=128, out_features=64, bias=True)
[ INFO : 2019-12-23 14:06:04,826 ] -     (16): BatchNorm1d(64, eps=1e-05, momentum=0.1, affine=True, track_running_stats=True)
[ INFO : 2019-12-23 14:06:04,826 ] -     (17): ReLU()
[ INFO : 2019-12-23 14:06:04,826 ] -     (18): Linear(in_features=64, out_features=51, bias=True)
[ INFO : 2019-12-23 14:06:04,826 ] -   )
[ INFO : 2019-12-23 14:06:04,826 ] - )
[ INFO : 2019-12-23 14:06:29,868 ] - <== Training Started ==>
[ INFO : 2019-12-23 14:06:29,868 ] - +-----------+-----------+-----------+
[ INFO : 2019-12-23 14:06:29,868 ] - |   Epoch   | Loss(CV)  |  Acc(CV)  |
[ INFO : 2019-12-23 14:06:29,869 ] - +-----------+-----------+-----------+
[ INFO : 2019-12-23 14:07:09,514 ] - |          1|     1.1226|    0.64268|
[ INFO : 2019-12-23 14:07:45,905 ] - |          2|     1.0314|    0.66438|
[ INFO : 2019-12-23 14:08:22,488 ] - |          3|    0.99513|    0.67449|
[ INFO : 2019-12-23 14:09:01,504 ] - |          4|    0.98569|    0.67917|
[ INFO : 2019-12-23 14:09:38,704 ] - |          5|    0.98176|    0.68045|
[ INFO : 2019-12-23 14:10:16,390 ] - |          6|    0.98358|    0.68018|
[ INFO : 2019-12-23 14:10:54,240 ] - |          7|    0.98717|    0.68016|
[ INFO : 2019-12-23 14:11:31,857 ] - |          8|    0.99844|    0.67915|
[ INFO : 2019-12-23 14:12:08,645 ] - |          9|     1.0018|    0.68007|
[ INFO : 2019-12-23 14:12:45,374 ] - |         10|     1.0156|    0.68024|
[ INFO : 2019-12-23 14:13:22,033 ] - |         11|     1.0284|    0.67779|
[ INFO : 2019-12-23 14:13:59,122 ] - |         12|     1.0391|    0.67765|
[ INFO : 2019-12-23 14:14:35,963 ] - |         13|     1.0544|    0.67582|
[ INFO : 2019-12-23 14:15:12,630 ] - |         14|     1.0756|    0.67406|
[ INFO : 2019-12-23 14:15:49,994 ] - |         15|     1.0816|    0.67464|
[ INFO : 2019-12-23 14:15:50,004 ] - +-----------+-----------+-----------+
[ INFO : 2019-12-23 14:15:51,906 ] - Acc on Eval: 67.90%
