[ INFO : 2019-12-23 21:35:29,637 ] - Storing data at: exp/dnn_ae_bn_false
[ INFO : 2019-12-23 21:35:29,638 ] - <== Passed Arguments ==>
[ INFO : 2019-12-23 21:35:29,638 ] - {'classifier': 'dnn_classifier',
[ INFO : 2019-12-23 21:35:29,639 ] -  'classifier_args': {'hid_dims': [128, 256, 512, 256, 128, 64], 'num_cls': 51},
[ INFO : 2019-12-23 21:35:29,639 ] -  'context': 2,
[ INFO : 2019-12-23 21:35:29,639 ] -  'dataloader_args': {'batch_size': 2048, 'num_workers': 8},
[ INFO : 2019-12-23 21:35:29,639 ] -  'dev_feat_stream': 'apply-cmvn '
[ INFO : 2019-12-23 21:35:29,639 ] -                     '--utt2spk=ark:/mnt/lustre/sjtu/home/zkz01/timit/data_mfcc/dev/utt2spk '
[ INFO : 2019-12-23 21:35:29,639 ] -                     'scp:/mnt/lustre/sjtu/home/zkz01/timit/data_mfcc/dev/cmvn.scp '
[ INFO : 2019-12-23 21:35:29,639 ] -                     'scp:/mnt/lustre/sjtu/home/zkz01/timit/data_mfcc/dev/feats.scp '
[ INFO : 2019-12-23 21:35:29,639 ] -                     'ark:- |apply-cmvn-sliding --min-cmn-window=15 '
[ INFO : 2019-12-23 21:35:29,639 ] -                     '--cmn-window=1000 ark:- ark:- | add-deltas ark:- ark:- | '
[ INFO : 2019-12-23 21:35:29,639 ] -                     'splice-feats --left-context={} --right-context={} ark:- '
[ INFO : 2019-12-23 21:35:29,639 ] -                     'ark:- |',
[ INFO : 2019-12-23 21:35:29,639 ] -  'dev_label_stream': 'copy-int-vector '
[ INFO : 2019-12-23 21:35:29,639 ] -                      'ark:/mnt/lustre/sjtu/home/xnx98/zkz01/timit/data_for_brainlike/ali_dev.txt '
[ INFO : 2019-12-23 21:35:29,639 ] -                      'ark:- |',
[ INFO : 2019-12-23 21:35:29,639 ] -  'early_stop': 10,
[ INFO : 2019-12-23 21:35:29,639 ] -  'encoder': 'FcEncoder',
[ INFO : 2019-12-23 21:35:29,639 ] -  'encoder_args': {'hid_dims': [256, 128], 'latent_dim': 64},
[ INFO : 2019-12-23 21:35:29,639 ] -  'encoder_path': 'exp/ae_212_batchnorm/model.pth',
[ INFO : 2019-12-23 21:35:29,639 ] -  'epochs': 200,
[ INFO : 2019-12-23 21:35:29,639 ] -  'fix_encoder': 'false',
[ INFO : 2019-12-23 21:35:29,639 ] -  'improvecriterion': 'loss',
[ INFO : 2019-12-23 21:35:29,639 ] -  'num_freq': 39,
[ INFO : 2019-12-23 21:35:29,639 ] -  'optimizer': 'Adam',
[ INFO : 2019-12-23 21:35:29,639 ] -  'optimizer_args': {'lr': 0.001},
[ INFO : 2019-12-23 21:35:29,639 ] -  'scaler_path': 'exp/scaler.pth',
[ INFO : 2019-12-23 21:35:29,640 ] -  'scheduler': 'ReduceLROnPlateau',
[ INFO : 2019-12-23 21:35:29,640 ] -  'scheduler_args': {'cooldown': 1,
[ INFO : 2019-12-23 21:35:29,640 ] -                     'factor': 0.1,
[ INFO : 2019-12-23 21:35:29,640 ] -                     'mode': 'min',
[ INFO : 2019-12-23 21:35:29,640 ] -                     'patience': 10,
[ INFO : 2019-12-23 21:35:29,640 ] -                     'threshold': 0.001,
[ INFO : 2019-12-23 21:35:29,640 ] -                     'verbose': False},
[ INFO : 2019-12-23 21:35:29,640 ] -  'test_feat_stream': 'apply-cmvn '
[ INFO : 2019-12-23 21:35:29,640 ] -                      '--utt2spk=ark:/mnt/lustre/sjtu/home/zkz01/timit/data_mfcc/test/utt2spk '
[ INFO : 2019-12-23 21:35:29,640 ] -                      'scp:/mnt/lustre/sjtu/home/zkz01/timit/data_mfcc/test/cmvn.scp '
[ INFO : 2019-12-23 21:35:29,640 ] -                      'scp:/mnt/lustre/sjtu/home/zkz01/timit/data_mfcc/test/feats.scp '
[ INFO : 2019-12-23 21:35:29,640 ] -                      'ark:- |apply-cmvn-sliding --min-cmn-window=15 '
[ INFO : 2019-12-23 21:35:29,640 ] -                      '--cmn-window=1000 ark:- ark:- | add-deltas ark:- ark:- | '
[ INFO : 2019-12-23 21:35:29,640 ] -                      'splice-feats --left-context={} --right-context={} ark:- '
[ INFO : 2019-12-23 21:35:29,640 ] -                      'ark:- |',
[ INFO : 2019-12-23 21:35:29,640 ] -  'test_label_stream': 'copy-int-vector '
[ INFO : 2019-12-23 21:35:29,640 ] -                       'ark:/mnt/lustre/sjtu/home/xnx98/zkz01/timit/data_for_brainlike/ali_test.txt '
[ INFO : 2019-12-23 21:35:29,640 ] -                       'ark:- |',
[ INFO : 2019-12-23 21:35:29,640 ] -  'train_feat_stream': 'apply-cmvn '
[ INFO : 2019-12-23 21:35:29,640 ] -                       '--utt2spk=ark:/mnt/lustre/sjtu/home/zkz01/timit/data_mfcc/train/utt2spk '
[ INFO : 2019-12-23 21:35:29,640 ] -                       'scp:/mnt/lustre/sjtu/home/zkz01/timit/data_mfcc/train/cmvn.scp '
[ INFO : 2019-12-23 21:35:29,640 ] -                       'scp:/mnt/lustre/sjtu/home/zkz01/timit/data_mfcc/train/feats.scp '
[ INFO : 2019-12-23 21:35:29,640 ] -                       'ark:- |apply-cmvn-sliding --min-cmn-window=15 '
[ INFO : 2019-12-23 21:35:29,640 ] -                       '--cmn-window=1000 ark:- ark:- | add-deltas ark:- ark:- '
[ INFO : 2019-12-23 21:35:29,640 ] -                       '| splice-feats --left-context={} --right-context={} '
[ INFO : 2019-12-23 21:35:29,641 ] -                       'ark:- ark:- |',
[ INFO : 2019-12-23 21:35:29,641 ] -  'train_label_stream': 'copy-int-vector '
[ INFO : 2019-12-23 21:35:29,641 ] -                        'ark:/mnt/lustre/sjtu/home/xnx98/zkz01/timit/data_for_brainlike/ali_train.txt '
[ INFO : 2019-12-23 21:35:29,641 ] -                        'ark:- |'}
[ INFO : 2019-12-23 21:35:47,798 ] - <== Encoder ==>
[ INFO : 2019-12-23 21:35:47,799 ] - FcEncoder(
[ INFO : 2019-12-23 21:35:47,799 ] -   (model): Sequential(
[ INFO : 2019-12-23 21:35:47,799 ] -     (0): Linear(in_features=195, out_features=256, bias=True)
[ INFO : 2019-12-23 21:35:47,799 ] -     (1): BatchNorm1d(256, eps=1e-05, momentum=0.1, affine=True, track_running_stats=True)
[ INFO : 2019-12-23 21:35:47,799 ] -     (2): ReLU()
[ INFO : 2019-12-23 21:35:47,799 ] -     (3): Linear(in_features=256, out_features=128, bias=True)
[ INFO : 2019-12-23 21:35:47,799 ] -     (4): BatchNorm1d(128, eps=1e-05, momentum=0.1, affine=True, track_running_stats=True)
[ INFO : 2019-12-23 21:35:47,799 ] -     (5): ReLU()
[ INFO : 2019-12-23 21:35:47,799 ] -     (6): Linear(in_features=128, out_features=64, bias=True)
[ INFO : 2019-12-23 21:35:47,799 ] -   )
[ INFO : 2019-12-23 21:35:47,799 ] - )
[ INFO : 2019-12-23 21:35:47,799 ] - <== Classifier ==>
[ INFO : 2019-12-23 21:35:47,799 ] - dnn_classifier(
[ INFO : 2019-12-23 21:35:47,799 ] -   (model): Sequential(
[ INFO : 2019-12-23 21:35:47,799 ] -     (0): Linear(in_features=64, out_features=128, bias=True)
[ INFO : 2019-12-23 21:35:47,799 ] -     (1): BatchNorm1d(128, eps=1e-05, momentum=0.1, affine=True, track_running_stats=True)
[ INFO : 2019-12-23 21:35:47,800 ] -     (2): ReLU()
[ INFO : 2019-12-23 21:35:47,800 ] -     (3): Linear(in_features=128, out_features=256, bias=True)
[ INFO : 2019-12-23 21:35:47,800 ] -     (4): BatchNorm1d(256, eps=1e-05, momentum=0.1, affine=True, track_running_stats=True)
[ INFO : 2019-12-23 21:35:47,800 ] -     (5): ReLU()
[ INFO : 2019-12-23 21:35:47,800 ] -     (6): Linear(in_features=256, out_features=512, bias=True)
[ INFO : 2019-12-23 21:35:47,800 ] -     (7): BatchNorm1d(512, eps=1e-05, momentum=0.1, affine=True, track_running_stats=True)
[ INFO : 2019-12-23 21:35:47,800 ] -     (8): ReLU()
[ INFO : 2019-12-23 21:35:47,800 ] -     (9): Linear(in_features=512, out_features=256, bias=True)
[ INFO : 2019-12-23 21:35:47,800 ] -     (10): BatchNorm1d(256, eps=1e-05, momentum=0.1, affine=True, track_running_stats=True)
[ INFO : 2019-12-23 21:35:47,800 ] -     (11): ReLU()
[ INFO : 2019-12-23 21:35:47,800 ] -     (12): Linear(in_features=256, out_features=128, bias=True)
[ INFO : 2019-12-23 21:35:47,800 ] -     (13): BatchNorm1d(128, eps=1e-05, momentum=0.1, affine=True, track_running_stats=True)
[ INFO : 2019-12-23 21:35:47,800 ] -     (14): ReLU()
[ INFO : 2019-12-23 21:35:47,800 ] -     (15): Linear(in_features=128, out_features=64, bias=True)
[ INFO : 2019-12-23 21:35:47,800 ] -     (16): BatchNorm1d(64, eps=1e-05, momentum=0.1, affine=True, track_running_stats=True)
[ INFO : 2019-12-23 21:35:47,800 ] -     (17): ReLU()
[ INFO : 2019-12-23 21:35:47,800 ] -     (18): Linear(in_features=64, out_features=51, bias=True)
[ INFO : 2019-12-23 21:35:47,800 ] -   )
[ INFO : 2019-12-23 21:35:47,800 ] - )
[ INFO : 2019-12-23 21:35:58,484 ] - <== Training Started ==>
[ INFO : 2019-12-23 21:35:58,484 ] - +-----------+-----------+-----------+
[ INFO : 2019-12-23 21:35:58,484 ] - |   Epoch   | Loss(CV)  |  Acc(CV)  |
[ INFO : 2019-12-23 21:35:58,484 ] - +-----------+-----------+-----------+
[ INFO : 2019-12-23 21:36:32,808 ] - |          1|     1.0957|    0.64943|
[ INFO : 2019-12-23 21:37:08,984 ] - |          2|     1.0255|     0.6685|
[ INFO : 2019-12-23 21:37:42,584 ] - |          3|    0.99789|    0.67786|
[ INFO : 2019-12-23 21:38:16,293 ] - |          4|    0.98787|    0.68091|
[ INFO : 2019-12-23 21:38:50,781 ] - |          5|    0.98593|    0.68242|
[ INFO : 2019-12-23 21:39:24,467 ] - |          6|    0.98796|    0.68419|
[ INFO : 2019-12-23 21:39:57,904 ] - |          7|    0.99656|    0.68293|
[ INFO : 2019-12-23 21:40:31,588 ] - |          8|     1.0094|    0.68242|
[ INFO : 2019-12-23 21:41:05,464 ] - |          9|     1.0208|      0.681|
[ INFO : 2019-12-23 21:41:39,328 ] - |         10|     1.0376|    0.68002|
[ INFO : 2019-12-23 21:42:13,215 ] - |         11|     1.0474|    0.67927|
[ INFO : 2019-12-23 21:42:46,633 ] - |         12|     1.0663|    0.67767|
[ INFO : 2019-12-23 21:43:19,590 ] - |         13|     1.0826|    0.67615|
[ INFO : 2019-12-23 21:43:52,657 ] - |         14|     1.0978|    0.67499|
[ INFO : 2019-12-23 21:44:26,362 ] - |         15|     1.1155|    0.67244|
[ INFO : 2019-12-23 21:44:26,362 ] - +-----------+-----------+-----------+
[ INFO : 2019-12-23 21:44:28,046 ] - Acc on Eval: 68.25%
