[ INFO : 2019-12-23 19:55:11,208 ] - Storing data at: exp/ae_212_batchnorm
[ INFO : 2019-12-23 19:55:11,210 ] - <== Passed Arguments ==>
[ INFO : 2019-12-23 19:55:11,211 ] - {'context': 2,
[ INFO : 2019-12-23 19:55:11,211 ] -  'dataloader_args': {'batch_size': 2048, 'num_workers': 8},
[ INFO : 2019-12-23 19:55:11,211 ] -  'decoder': 'FcDecoder',
[ INFO : 2019-12-23 19:55:11,211 ] -  'decoder_args': {'hid_dims': [128, 256], 'latent_dim': 64},
[ INFO : 2019-12-23 19:55:11,211 ] -  'dev_feat_stream': 'apply-cmvn '
[ INFO : 2019-12-23 19:55:11,211 ] -                     '--utt2spk=ark:/mnt/lustre/sjtu/home/zkz01/timit/data_mfcc/dev/utt2spk '
[ INFO : 2019-12-23 19:55:11,211 ] -                     'scp:/mnt/lustre/sjtu/home/zkz01/timit/data_mfcc/dev/cmvn.scp '
[ INFO : 2019-12-23 19:55:11,211 ] -                     'scp:/mnt/lustre/sjtu/home/zkz01/timit/data_mfcc/dev/feats.scp '
[ INFO : 2019-12-23 19:55:11,211 ] -                     'ark:- |apply-cmvn-sliding --min-cmn-window=15 '
[ INFO : 2019-12-23 19:55:11,211 ] -                     '--cmn-window=1000 ark:- ark:- | add-deltas ark:- ark:- | '
[ INFO : 2019-12-23 19:55:11,212 ] -                     'splice-feats --left-context={} --right-context={} ark:- '
[ INFO : 2019-12-23 19:55:11,212 ] -                     'ark:-|',
[ INFO : 2019-12-23 19:55:11,212 ] -  'dev_label_stream': 'copy-int-vector '
[ INFO : 2019-12-23 19:55:11,212 ] -                      'ark:/mnt/lustre/sjtu/home/xnx98/zkz01/timit/data_for_brainlike/ali_dev.txt '
[ INFO : 2019-12-23 19:55:11,212 ] -                      'ark:- |',
[ INFO : 2019-12-23 19:55:11,212 ] -  'early_stop': 10,
[ INFO : 2019-12-23 19:55:11,212 ] -  'encoder': 'FcEncoder',
[ INFO : 2019-12-23 19:55:11,212 ] -  'encoder_args': {'hid_dims': [256, 128], 'latent_dim': 64},
[ INFO : 2019-12-23 19:55:11,212 ] -  'epochs': 200,
[ INFO : 2019-12-23 19:55:11,212 ] -  'improvecriterion': 'loss',
[ INFO : 2019-12-23 19:55:11,212 ] -  'model': 'AutoEncoder',
[ INFO : 2019-12-23 19:55:11,213 ] -  'num_freq': 39,
[ INFO : 2019-12-23 19:55:11,213 ] -  'optimizer': 'Adam',
[ INFO : 2019-12-23 19:55:11,213 ] -  'optimizer_args': {'lr': 0.001, 'weight_decay': 1e-06},
[ INFO : 2019-12-23 19:55:11,213 ] -  'scaler_path': 'scaler.pth',
[ INFO : 2019-12-23 19:55:11,213 ] -  'scheduler': 'ReduceLROnPlateau',
[ INFO : 2019-12-23 19:55:11,213 ] -  'scheduler_args': {'cooldown': 1,
[ INFO : 2019-12-23 19:55:11,213 ] -                     'factor': 0.1,
[ INFO : 2019-12-23 19:55:11,213 ] -                     'mode': 'min',
[ INFO : 2019-12-23 19:55:11,213 ] -                     'patience': 10,
[ INFO : 2019-12-23 19:55:11,213 ] -                     'threshold': 0.001,
[ INFO : 2019-12-23 19:55:11,213 ] -                     'verbose': False},
[ INFO : 2019-12-23 19:55:11,214 ] -  'test_feat_stream': 'apply-cmvn '
[ INFO : 2019-12-23 19:55:11,214 ] -                      '--utt2spk=ark:/mnt/lustre/sjtu/home/zkz01/timit/data_mfcc/test/utt2spk '
[ INFO : 2019-12-23 19:55:11,214 ] -                      'scp:/mnt/lustre/sjtu/home/zkz01/timit/data_mfcc/test/cmvn.scp '
[ INFO : 2019-12-23 19:55:11,214 ] -                      'scp:/mnt/lustre/sjtu/home/zkz01/timit/data_mfcc/test/feats.scp '
[ INFO : 2019-12-23 19:55:11,214 ] -                      'ark:- |apply-cmvn-sliding --min-cmn-window=15 '
[ INFO : 2019-12-23 19:55:11,214 ] -                      '--cmn-window=1000 ark:- ark:- | add-deltas ark:- ark:- | '
[ INFO : 2019-12-23 19:55:11,214 ] -                      'splice-feats --left-context={} --right-context={} ark:- '
[ INFO : 2019-12-23 19:55:11,214 ] -                      'ark:-|',
[ INFO : 2019-12-23 19:55:11,214 ] -  'test_label_stream': 'copy-int-vector '
[ INFO : 2019-12-23 19:55:11,214 ] -                       'ark:/mnt/lustre/sjtu/home/xnx98/zkz01/timit/data_for_brainlike/ali_test.txt '
[ INFO : 2019-12-23 19:55:11,214 ] -                       'ark:- |',
[ INFO : 2019-12-23 19:55:11,215 ] -  'train_feat_stream': 'apply-cmvn '
[ INFO : 2019-12-23 19:55:11,215 ] -                       '--utt2spk=ark:/mnt/lustre/sjtu/home/zkz01/timit/data_mfcc/train/utt2spk '
[ INFO : 2019-12-23 19:55:11,215 ] -                       'scp:/mnt/lustre/sjtu/home/zkz01/timit/data_mfcc/train/cmvn.scp '
[ INFO : 2019-12-23 19:55:11,215 ] -                       'scp:/mnt/lustre/sjtu/home/zkz01/timit/data_mfcc/train/feats.scp '
[ INFO : 2019-12-23 19:55:11,215 ] -                       'ark:- |apply-cmvn-sliding --min-cmn-window=15 '
[ INFO : 2019-12-23 19:55:11,215 ] -                       '--cmn-window=1000 ark:- ark:- | add-deltas ark:- ark:- '
[ INFO : 2019-12-23 19:55:11,215 ] -                       '| splice-feats --left-context={} --right-context={} '
[ INFO : 2019-12-23 19:55:11,215 ] -                       'ark:- ark:-|',
[ INFO : 2019-12-23 19:55:11,215 ] -  'train_label_stream': 'copy-int-vector '
[ INFO : 2019-12-23 19:55:11,215 ] -                        'ark:/mnt/lustre/sjtu/home/xnx98/zkz01/timit/data_for_brainlike/ali_train.txt '
[ INFO : 2019-12-23 19:55:11,215 ] -                        'ark:- |'}
[ INFO : 2019-12-23 19:55:32,626 ] - <== Model ==>
[ INFO : 2019-12-23 19:55:32,626 ] - AutoEncoder(
[ INFO : 2019-12-23 19:55:32,626 ] -   (encoder): FcEncoder(
[ INFO : 2019-12-23 19:55:32,626 ] -     (model): Sequential(
[ INFO : 2019-12-23 19:55:32,627 ] -       (0): Linear(in_features=195, out_features=256, bias=True)
[ INFO : 2019-12-23 19:55:32,627 ] -       (1): BatchNorm1d(256, eps=1e-05, momentum=0.1, affine=True, track_running_stats=True)
[ INFO : 2019-12-23 19:55:32,627 ] -       (2): ReLU()
[ INFO : 2019-12-23 19:55:32,627 ] -       (3): Linear(in_features=256, out_features=128, bias=True)
[ INFO : 2019-12-23 19:55:32,627 ] -       (4): BatchNorm1d(128, eps=1e-05, momentum=0.1, affine=True, track_running_stats=True)
[ INFO : 2019-12-23 19:55:32,627 ] -       (5): ReLU()
[ INFO : 2019-12-23 19:55:32,627 ] -       (6): Linear(in_features=128, out_features=64, bias=True)
[ INFO : 2019-12-23 19:55:32,627 ] -     )
[ INFO : 2019-12-23 19:55:32,628 ] -   )
[ INFO : 2019-12-23 19:55:32,628 ] -   (decoder): FcDecoder(
[ INFO : 2019-12-23 19:55:32,628 ] -     (model): Sequential(
[ INFO : 2019-12-23 19:55:32,628 ] -       (0): Linear(in_features=64, out_features=128, bias=True)
[ INFO : 2019-12-23 19:55:32,628 ] -       (1): BatchNorm1d(128, eps=1e-05, momentum=0.1, affine=True, track_running_stats=True)
[ INFO : 2019-12-23 19:55:32,628 ] -       (2): ReLU()
[ INFO : 2019-12-23 19:55:32,628 ] -       (3): Linear(in_features=128, out_features=256, bias=True)
[ INFO : 2019-12-23 19:55:32,628 ] -       (4): BatchNorm1d(256, eps=1e-05, momentum=0.1, affine=True, track_running_stats=True)
[ INFO : 2019-12-23 19:55:32,628 ] -       (5): ReLU()
[ INFO : 2019-12-23 19:55:32,629 ] -       (6): Linear(in_features=256, out_features=195, bias=True)
[ INFO : 2019-12-23 19:55:32,629 ] -       (7): BatchNorm1d(195, eps=1e-05, momentum=0.1, affine=True, track_running_stats=True)
[ INFO : 2019-12-23 19:55:32,629 ] -       (8): ReLU()
[ INFO : 2019-12-23 19:55:32,629 ] -     )
[ INFO : 2019-12-23 19:55:32,629 ] -   )
[ INFO : 2019-12-23 19:55:32,629 ] -   (criterion): MSELoss()
[ INFO : 2019-12-23 19:55:32,629 ] - )
[ INFO : 2019-12-23 19:56:01,949 ] - <== Training Started ==>
[ INFO : 2019-12-23 19:56:01,949 ] - +-----------+-----------+-----------+
[ INFO : 2019-12-23 19:56:01,949 ] - |   Epoch   |  Loss(T)  | Loss(CV)  |
[ INFO : 2019-12-23 19:56:01,950 ] - +-----------+-----------+-----------+
[ INFO : 2019-12-23 19:57:35,792 ] - |          1|    0.62437|    0.55701|
[ INFO : 2019-12-23 19:59:08,260 ] - |          2|    0.55152|    0.53615|
[ INFO : 2019-12-23 20:00:40,768 ] - |          3|    0.53495|    0.52478|
[ INFO : 2019-12-23 20:02:13,264 ] - |          4|    0.52549|    0.51951|
[ INFO : 2019-12-23 20:03:46,917 ] - |          5|    0.52108|    0.51721|
[ INFO : 2019-12-23 20:05:20,086 ] - |          6|    0.51924|    0.51577|
[ INFO : 2019-12-23 20:06:53,203 ] - |          7|    0.51839|    0.51435|
[ INFO : 2019-12-23 20:08:25,586 ] - |          8|    0.51787|    0.51372|
[ INFO : 2019-12-23 20:09:57,821 ] - |          9|    0.51749|    0.51323|
[ INFO : 2019-12-23 20:11:31,024 ] - |         10|    0.51719|    0.51288|
[ INFO : 2019-12-23 20:13:04,389 ] - |         11|    0.51694|    0.51255|
[ INFO : 2019-12-23 20:14:38,066 ] - |         12|    0.51677|     0.5124|
[ INFO : 2019-12-23 20:16:10,396 ] - |         13|    0.51665|    0.51229|
[ INFO : 2019-12-23 20:18:37,500 ] - Storing data at: exp/ae_212_batchnorm
[ INFO : 2019-12-23 20:18:37,521 ] - <== Passed Arguments ==>
[ INFO : 2019-12-23 20:18:37,521 ] - {'context': 2,
[ INFO : 2019-12-23 20:18:37,522 ] -  'dataloader_args': {'batch_size': 2048, 'num_workers': 8},
[ INFO : 2019-12-23 20:18:37,522 ] -  'decoder': 'FcDecoder',
[ INFO : 2019-12-23 20:18:37,522 ] -  'decoder_args': {'hid_dims': [128, 256], 'latent_dim': 64},
[ INFO : 2019-12-23 20:18:37,522 ] -  'dev_feat_stream': 'apply-cmvn '
[ INFO : 2019-12-23 20:18:37,522 ] -                     '--utt2spk=ark:/mnt/lustre/sjtu/home/zkz01/timit/data_mfcc/dev/utt2spk '
[ INFO : 2019-12-23 20:18:37,522 ] -                     'scp:/mnt/lustre/sjtu/home/zkz01/timit/data_mfcc/dev/cmvn.scp '
[ INFO : 2019-12-23 20:18:37,522 ] -                     'scp:/mnt/lustre/sjtu/home/zkz01/timit/data_mfcc/dev/feats.scp '
[ INFO : 2019-12-23 20:18:37,522 ] -                     'ark:- |apply-cmvn-sliding --min-cmn-window=15 '
[ INFO : 2019-12-23 20:18:37,522 ] -                     '--cmn-window=1000 ark:- ark:- | add-deltas ark:- ark:- | '
[ INFO : 2019-12-23 20:18:37,522 ] -                     'splice-feats --left-context={} --right-context={} ark:- '
[ INFO : 2019-12-23 20:18:37,522 ] -                     'ark:-|',
[ INFO : 2019-12-23 20:18:37,522 ] -  'dev_label_stream': 'copy-int-vector '
[ INFO : 2019-12-23 20:18:37,522 ] -                      'ark:/mnt/lustre/sjtu/home/xnx98/zkz01/timit/data_for_brainlike/ali_dev.txt '
[ INFO : 2019-12-23 20:18:37,522 ] -                      'ark:- |',
[ INFO : 2019-12-23 20:18:37,522 ] -  'early_stop': 10,
[ INFO : 2019-12-23 20:18:37,522 ] -  'encoder': 'FcEncoder',
[ INFO : 2019-12-23 20:18:37,522 ] -  'encoder_args': {'hid_dims': [256, 128], 'latent_dim': 64},
[ INFO : 2019-12-23 20:18:37,522 ] -  'epochs': 200,
[ INFO : 2019-12-23 20:18:37,522 ] -  'improvecriterion': 'loss',
[ INFO : 2019-12-23 20:18:37,522 ] -  'model': 'AutoEncoder',
[ INFO : 2019-12-23 20:18:37,522 ] -  'num_freq': 39,
[ INFO : 2019-12-23 20:18:37,522 ] -  'optimizer': 'Adam',
[ INFO : 2019-12-23 20:18:37,522 ] -  'optimizer_args': {'lr': 0.001, 'weight_decay': 1e-06},
[ INFO : 2019-12-23 20:18:37,522 ] -  'scaler_path': 'scaler.pth',
[ INFO : 2019-12-23 20:18:37,522 ] -  'scheduler': 'ReduceLROnPlateau',
[ INFO : 2019-12-23 20:18:37,523 ] -  'scheduler_args': {'cooldown': 1,
[ INFO : 2019-12-23 20:18:37,523 ] -                     'factor': 0.1,
[ INFO : 2019-12-23 20:18:37,523 ] -                     'mode': 'min',
[ INFO : 2019-12-23 20:18:37,523 ] -                     'patience': 10,
[ INFO : 2019-12-23 20:18:37,523 ] -                     'threshold': 0.001,
[ INFO : 2019-12-23 20:18:37,523 ] -                     'verbose': False},
[ INFO : 2019-12-23 20:18:37,523 ] -  'test_feat_stream': 'apply-cmvn '
[ INFO : 2019-12-23 20:18:37,523 ] -                      '--utt2spk=ark:/mnt/lustre/sjtu/home/zkz01/timit/data_mfcc/test/utt2spk '
[ INFO : 2019-12-23 20:18:37,523 ] -                      'scp:/mnt/lustre/sjtu/home/zkz01/timit/data_mfcc/test/cmvn.scp '
[ INFO : 2019-12-23 20:18:37,523 ] -                      'scp:/mnt/lustre/sjtu/home/zkz01/timit/data_mfcc/test/feats.scp '
[ INFO : 2019-12-23 20:18:37,523 ] -                      'ark:- |apply-cmvn-sliding --min-cmn-window=15 '
[ INFO : 2019-12-23 20:18:37,523 ] -                      '--cmn-window=1000 ark:- ark:- | add-deltas ark:- ark:- | '
[ INFO : 2019-12-23 20:18:37,523 ] -                      'splice-feats --left-context={} --right-context={} ark:- '
[ INFO : 2019-12-23 20:18:37,523 ] -                      'ark:-|',
[ INFO : 2019-12-23 20:18:37,523 ] -  'test_label_stream': 'copy-int-vector '
[ INFO : 2019-12-23 20:18:37,523 ] -                       'ark:/mnt/lustre/sjtu/home/xnx98/zkz01/timit/data_for_brainlike/ali_test.txt '
[ INFO : 2019-12-23 20:18:37,523 ] -                       'ark:- |',
[ INFO : 2019-12-23 20:18:37,523 ] -  'train_feat_stream': 'apply-cmvn '
[ INFO : 2019-12-23 20:18:37,523 ] -                       '--utt2spk=ark:/mnt/lustre/sjtu/home/zkz01/timit/data_mfcc/train/utt2spk '
[ INFO : 2019-12-23 20:18:37,523 ] -                       'scp:/mnt/lustre/sjtu/home/zkz01/timit/data_mfcc/train/cmvn.scp '
[ INFO : 2019-12-23 20:18:37,523 ] -                       'scp:/mnt/lustre/sjtu/home/zkz01/timit/data_mfcc/train/feats.scp '
[ INFO : 2019-12-23 20:18:37,523 ] -                       'ark:- |apply-cmvn-sliding --min-cmn-window=15 '
[ INFO : 2019-12-23 20:18:37,523 ] -                       '--cmn-window=1000 ark:- ark:- | add-deltas ark:- ark:- '
[ INFO : 2019-12-23 20:18:37,523 ] -                       '| splice-feats --left-context={} --right-context={} '
[ INFO : 2019-12-23 20:18:37,523 ] -                       'ark:- ark:-|',
[ INFO : 2019-12-23 20:18:37,524 ] -  'train_label_stream': 'copy-int-vector '
[ INFO : 2019-12-23 20:18:37,524 ] -                        'ark:/mnt/lustre/sjtu/home/xnx98/zkz01/timit/data_for_brainlike/ali_train.txt '
[ INFO : 2019-12-23 20:18:37,524 ] -                        'ark:- |'}
[ INFO : 2019-12-23 20:18:46,571 ] - <== Model ==>
[ INFO : 2019-12-23 20:18:46,571 ] - AutoEncoder(
[ INFO : 2019-12-23 20:18:46,571 ] -   (encoder): FcEncoder(
[ INFO : 2019-12-23 20:18:46,571 ] -     (model): Sequential(
[ INFO : 2019-12-23 20:18:46,572 ] -       (0): Linear(in_features=195, out_features=256, bias=True)
[ INFO : 2019-12-23 20:18:46,572 ] -       (1): BatchNorm1d(256, eps=1e-05, momentum=0.1, affine=True, track_running_stats=True)
[ INFO : 2019-12-23 20:18:46,572 ] -       (2): ReLU()
[ INFO : 2019-12-23 20:18:46,572 ] -       (3): Linear(in_features=256, out_features=128, bias=True)
[ INFO : 2019-12-23 20:18:46,572 ] -       (4): BatchNorm1d(128, eps=1e-05, momentum=0.1, affine=True, track_running_stats=True)
[ INFO : 2019-12-23 20:18:46,572 ] -       (5): ReLU()
[ INFO : 2019-12-23 20:18:46,572 ] -       (6): Linear(in_features=128, out_features=64, bias=True)
[ INFO : 2019-12-23 20:18:46,572 ] -     )
[ INFO : 2019-12-23 20:18:46,572 ] -   )
[ INFO : 2019-12-23 20:18:46,572 ] -   (decoder): FcDecoder(
[ INFO : 2019-12-23 20:18:46,572 ] -     (model): Sequential(
[ INFO : 2019-12-23 20:18:46,572 ] -       (0): Linear(in_features=64, out_features=128, bias=True)
[ INFO : 2019-12-23 20:18:46,572 ] -       (1): BatchNorm1d(128, eps=1e-05, momentum=0.1, affine=True, track_running_stats=True)
[ INFO : 2019-12-23 20:18:46,572 ] -       (2): ReLU()
[ INFO : 2019-12-23 20:18:46,572 ] -       (3): Linear(in_features=128, out_features=256, bias=True)
[ INFO : 2019-12-23 20:18:46,572 ] -       (4): BatchNorm1d(256, eps=1e-05, momentum=0.1, affine=True, track_running_stats=True)
[ INFO : 2019-12-23 20:18:46,572 ] -       (5): ReLU()
[ INFO : 2019-12-23 20:18:46,572 ] -       (6): Linear(in_features=256, out_features=195, bias=True)
[ INFO : 2019-12-23 20:18:46,572 ] -     )
[ INFO : 2019-12-23 20:18:46,572 ] -   )
[ INFO : 2019-12-23 20:18:46,572 ] -   (criterion): MSELoss()
[ INFO : 2019-12-23 20:18:46,572 ] - )
[ INFO : 2019-12-23 20:19:06,483 ] - <== Training Started ==>
[ INFO : 2019-12-23 20:19:06,484 ] - +-----------+-----------+-----------+
[ INFO : 2019-12-23 20:19:06,484 ] - |   Epoch   |  Loss(T)  | Loss(CV)  |
[ INFO : 2019-12-23 20:19:06,484 ] - +-----------+-----------+-----------+
[ INFO : 2019-12-23 20:19:40,107 ] - |          1|    0.21222|    0.11848|
[ INFO : 2019-12-23 20:20:13,098 ] - |          2|    0.10283|   0.086586|
[ INFO : 2019-12-23 20:20:45,793 ] - |          3|   0.073463|   0.066233|
[ INFO : 2019-12-23 20:21:18,287 ] - |          4|   0.055241|   0.051592|
[ INFO : 2019-12-23 20:21:49,849 ] - |          5|   0.044346|   0.043429|
[ INFO : 2019-12-23 20:22:22,030 ] - |          6|   0.038022|   0.035961|
[ INFO : 2019-12-23 20:22:54,727 ] - |          7|   0.035316|   0.034323|
[ INFO : 2019-12-23 20:23:27,803 ] - |          8|   0.034465|    0.03264|
[ INFO : 2019-12-23 20:24:01,263 ] - |          9|   0.032318|    0.03073|
[ INFO : 2019-12-23 20:24:34,461 ] - |         10|   0.031419|   0.030351|
[ INFO : 2019-12-23 20:25:07,637 ] - |         11|   0.030993|   0.029488|
[ INFO : 2019-12-23 20:25:40,646 ] - |         12|    0.02997|   0.028956|
[ INFO : 2019-12-23 20:26:13,740 ] - |         13|   0.029547|   0.028752|
[ INFO : 2019-12-23 20:26:46,745 ] - |         14|   0.029335|    0.02862|
[ INFO : 2019-12-23 20:27:20,244 ] - |         15|   0.029172|   0.028516|
[ INFO : 2019-12-23 20:27:53,788 ] - |         16|   0.029028|   0.028411|
[ INFO : 2019-12-23 20:28:26,259 ] - |         17|   0.028889|   0.028333|
[ INFO : 2019-12-23 20:28:59,281 ] - |         18|   0.028758|   0.028204|
[ INFO : 2019-12-23 20:29:32,528 ] - |         19|   0.028645|   0.028094|
[ INFO : 2019-12-23 20:30:06,097 ] - |         20|    0.02855|   0.028046|
[ INFO : 2019-12-23 20:30:39,413 ] - |         21|   0.028467|   0.028035|
[ INFO : 2019-12-23 20:31:11,906 ] - |         22|   0.028393|   0.028016|
[ INFO : 2019-12-23 20:31:43,735 ] - |         23|   0.028325|   0.027965|
[ INFO : 2019-12-23 20:32:15,461 ] - |         24|   0.028261|    0.02794|
[ INFO : 2019-12-23 20:32:47,220 ] - |         25|   0.028203|     0.0279|
[ INFO : 2019-12-23 20:33:17,947 ] - |         26|   0.028149|   0.027806|
[ INFO : 2019-12-23 20:33:48,978 ] - |         27|   0.028098|   0.027789|
[ INFO : 2019-12-23 20:34:20,209 ] - |         28|   0.028051|   0.027739|
[ INFO : 2019-12-23 20:34:50,834 ] - |         29|   0.028005|   0.027701|
[ INFO : 2019-12-23 20:35:23,373 ] - |         30|   0.027959|   0.027653|
[ INFO : 2019-12-23 20:35:55,582 ] - |         31|   0.027914|   0.027621|
[ INFO : 2019-12-23 20:36:27,605 ] - |         32|   0.027872|   0.027579|
[ INFO : 2019-12-23 20:36:59,939 ] - |         33|   0.027832|   0.027555|
[ INFO : 2019-12-23 20:37:32,406 ] - |         34|   0.027792|    0.02751|
[ INFO : 2019-12-23 20:38:04,523 ] - |         35|   0.027753|   0.027466|
[ INFO : 2019-12-23 20:38:36,889 ] - |         36|   0.027717|   0.027442|
[ INFO : 2019-12-23 20:39:08,471 ] - |         37|   0.027682|   0.027419|
[ INFO : 2019-12-23 20:39:40,665 ] - |         38|    0.02765|   0.027365|
[ INFO : 2019-12-23 20:40:13,216 ] - |         39|   0.027619|   0.027348|
[ INFO : 2019-12-23 20:40:45,123 ] - |         40|   0.027591|   0.027321|
[ INFO : 2019-12-23 20:41:17,253 ] - |         41|   0.027564|   0.027255|
[ INFO : 2019-12-23 20:41:48,977 ] - |         42|   0.027537|   0.027233|
[ INFO : 2019-12-23 20:42:20,900 ] - |         43|   0.027511|   0.027228|
[ INFO : 2019-12-23 20:42:53,901 ] - |         44|   0.027485|   0.027212|
[ INFO : 2019-12-23 20:43:25,778 ] - |         45|   0.027458|   0.027162|
[ INFO : 2019-12-23 20:43:57,968 ] - |         46|    0.02743|   0.027109|
[ INFO : 2019-12-23 20:44:30,440 ] - |         47|   0.027404|   0.027087|
[ INFO : 2019-12-23 20:45:02,029 ] - |         48|   0.027378|   0.027066|
[ INFO : 2019-12-23 20:45:34,723 ] - |         49|   0.027354|   0.027026|
[ INFO : 2019-12-23 20:46:06,528 ] - |         50|    0.02733|   0.026974|
[ INFO : 2019-12-23 20:46:38,540 ] - |         51|   0.027307|   0.026957|
[ INFO : 2019-12-23 20:47:10,855 ] - |         52|   0.027284|   0.026909|
[ INFO : 2019-12-23 20:47:42,722 ] - |         53|    0.02726|   0.026854|
[ INFO : 2019-12-23 20:48:15,014 ] - |         54|   0.027237|   0.026822|
[ INFO : 2019-12-23 20:48:47,881 ] - |         55|   0.027213|   0.026804|
[ INFO : 2019-12-23 20:49:19,690 ] - |         56|    0.02719|   0.026754|
[ INFO : 2019-12-23 20:49:51,468 ] - |         57|   0.027167|   0.026741|
[ INFO : 2019-12-23 20:50:23,861 ] - |         58|   0.027145|   0.026723|
[ INFO : 2019-12-23 20:50:55,808 ] - |         59|   0.027125|   0.026679|
[ INFO : 2019-12-23 20:51:28,050 ] - |         60|   0.027105|   0.026697|
[ INFO : 2019-12-23 20:51:59,945 ] - |         61|   0.027086|   0.026651|
[ INFO : 2019-12-23 20:52:32,100 ] - |         62|   0.027067|   0.026656|
[ INFO : 2019-12-23 20:53:04,841 ] - |         63|   0.027048|   0.026637|
[ INFO : 2019-12-23 20:53:36,830 ] - |         64|   0.027028|   0.026629|
[ INFO : 2019-12-23 20:54:08,897 ] - |         65|   0.027007|   0.026618|
[ INFO : 2019-12-23 20:54:41,307 ] - |         66|   0.026987|   0.026591|
[ INFO : 2019-12-23 20:55:13,160 ] - |         67|   0.026964|   0.026557|
[ INFO : 2019-12-23 20:55:45,466 ] - |         68|    0.02694|    0.02652|
[ INFO : 2019-12-23 20:56:17,966 ] - |         69|   0.026915|   0.026485|
[ INFO : 2019-12-23 20:56:49,891 ] - |         70|   0.026889|   0.026439|
[ INFO : 2019-12-23 20:57:22,392 ] - |         71|   0.026862|   0.026411|
[ INFO : 2019-12-23 20:57:54,556 ] - |         72|   0.026834|   0.026413|
[ INFO : 2019-12-23 20:58:26,808 ] - |         73|   0.026805|   0.026379|
[ INFO : 2019-12-23 20:58:59,042 ] - |         74|   0.026778|   0.026335|
[ INFO : 2019-12-23 20:59:30,801 ] - |         75|    0.02675|   0.026294|
[ INFO : 2019-12-23 21:00:03,391 ] - |         76|   0.026723|   0.026338|
[ INFO : 2019-12-23 21:00:35,917 ] - |         77|   0.026692|   0.026242|
[ INFO : 2019-12-23 21:01:08,021 ] - |         78|   0.026657|   0.026202|
[ INFO : 2019-12-23 21:01:40,552 ] - |         79|   0.026627|   0.026165|
[ INFO : 2019-12-23 21:02:12,244 ] - |         80|   0.026608|   0.026188|
[ INFO : 2019-12-23 21:02:43,967 ] - |         81|   0.026592|   0.026172|
[ INFO : 2019-12-23 21:03:16,451 ] - |         82|   0.026569|   0.026231|
[ INFO : 2019-12-23 21:03:48,614 ] - |         83|   0.026553|   0.026087|
[ INFO : 2019-12-23 21:04:21,216 ] - |         84|   0.026535|   0.026088|
[ INFO : 2019-12-23 21:04:53,361 ] - |         85|   0.026518|   0.026123|
[ INFO : 2019-12-23 21:05:26,799 ] - |         86|   0.026508|   0.026095|
[ INFO : 2019-12-23 21:05:59,007 ] - |         87|   0.026492|   0.026039|
[ INFO : 2019-12-23 21:06:30,612 ] - |         88|   0.026478|   0.026148|
[ INFO : 2019-12-23 21:07:03,103 ] - |         89|   0.026467|   0.026062|
[ INFO : 2019-12-23 21:07:35,083 ] - |         90|   0.026454|   0.026066|
[ INFO : 2019-12-23 21:08:07,221 ] - |         91|    0.02644|   0.025946|
[ INFO : 2019-12-23 21:08:39,896 ] - |         92|   0.026434|   0.026002|
[ INFO : 2019-12-23 21:09:11,970 ] - |         93|   0.026419|   0.026056|
[ INFO : 2019-12-23 21:09:44,048 ] - |         94|   0.026405|   0.026008|
[ INFO : 2019-12-23 21:10:16,376 ] - |         95|   0.026396|   0.025996|
[ INFO : 2019-12-23 21:10:48,342 ] - |         96|   0.026383|   0.025927|
[ INFO : 2019-12-23 21:11:21,085 ] - |         97|   0.026377|   0.025929|
[ INFO : 2019-12-23 21:11:53,076 ] - |         98|   0.026365|   0.025939|
[ INFO : 2019-12-23 21:12:25,363 ] - |         99|   0.026347|   0.025924|
[ INFO : 2019-12-23 21:12:57,567 ] - |        100|   0.026338|   0.025972|
[ INFO : 2019-12-23 21:13:29,599 ] - |        101|   0.026331|   0.025866|
[ INFO : 2019-12-23 21:14:01,657 ] - |        102|   0.026317|   0.025953|
[ INFO : 2019-12-23 21:14:33,764 ] - |        103|   0.026319|   0.025857|
[ INFO : 2019-12-23 21:15:05,225 ] - |        104|   0.026299|   0.025901|
[ INFO : 2019-12-23 21:15:37,978 ] - |        105|   0.026286|   0.025922|
[ INFO : 2019-12-23 21:16:10,081 ] - |        106|    0.02628|   0.025747|
[ INFO : 2019-12-23 21:16:42,202 ] - |        107|   0.026272|   0.025833|
[ INFO : 2019-12-23 21:17:14,876 ] - |        108|   0.026265|   0.025845|
[ INFO : 2019-12-23 21:17:46,931 ] - |        109|   0.026254|   0.025815|
[ INFO : 2019-12-23 21:18:19,389 ] - |        110|   0.026253|   0.025842|
[ INFO : 2019-12-23 21:18:51,659 ] - |        111|   0.026244|   0.025877|
[ INFO : 2019-12-23 21:19:23,253 ] - |        112|   0.026234|   0.025802|
[ INFO : 2019-12-23 21:19:55,659 ] - |        113|   0.026226|   0.025827|
[ INFO : 2019-12-23 21:20:27,696 ] - |        114|   0.026211|   0.025799|
[ INFO : 2019-12-23 21:20:59,748 ] - |        115|   0.026213|   0.025861|
[ INFO : 2019-12-23 21:21:32,326 ] - |        116|   0.026199|   0.025812|
[ INFO : 2019-12-23 21:21:32,348 ] - +-----------+-----------+-----------+
[ INFO : 2019-12-23 21:21:34,626 ] - Loss on Eval: 0.03
