[ INFO : 2019-12-23 17:49:22,448 ] - Storing data at: exp/dnn_212_fbank_true
[ INFO : 2019-12-23 17:49:22,449 ] - <== Passed Arguments ==>
[ INFO : 2019-12-23 17:49:22,450 ] - {'classifier': 'dnn_classifier',
[ INFO : 2019-12-23 17:49:22,450 ] -  'classifier_args': {'hid_dims': [128, 256, 512, 256, 128, 64], 'num_cls': 51},
[ INFO : 2019-12-23 17:49:22,450 ] -  'context': 2,
[ INFO : 2019-12-23 17:49:22,450 ] -  'dataloader_args': {'batch_size': 2048, 'num_workers': 8},
[ INFO : 2019-12-23 17:49:22,450 ] -  'dev_feat_stream': 'apply-cmvn '
[ INFO : 2019-12-23 17:49:22,451 ] -                     '--utt2spk=ark:/mnt/lustre/sjtu/home/zkz01/timit/data_fbank/dev/utt2spk '
[ INFO : 2019-12-23 17:49:22,451 ] -                     'scp:/mnt/lustre/sjtu/home/zkz01/timit/data_fbank/dev/cmvn.scp '
[ INFO : 2019-12-23 17:49:22,451 ] -                     'scp:/mnt/lustre/sjtu/home/zkz01/timit/data_fbank/dev/feats.scp '
[ INFO : 2019-12-23 17:49:22,451 ] -                     'ark:- |apply-cmvn-sliding --min-cmn-window=15 '
[ INFO : 2019-12-23 17:49:22,451 ] -                     '--cmn-window=1000 ark:- ark:- | splice-feats '
[ INFO : 2019-12-23 17:49:22,451 ] -                     '--left-context={} --right-context={} ark:- ark:-|',
[ INFO : 2019-12-23 17:49:22,451 ] -  'dev_label_stream': 'copy-int-vector '
[ INFO : 2019-12-23 17:49:22,451 ] -                      'ark:/mnt/lustre/sjtu/home/xnx98/zkz01/timit/data_for_brainlike/ali_dev.txt '
[ INFO : 2019-12-23 17:49:22,451 ] -                      'ark:- |',
[ INFO : 2019-12-23 17:49:22,451 ] -  'early_stop': 10,
[ INFO : 2019-12-23 17:49:22,452 ] -  'encoder': 'FcEncoder',
[ INFO : 2019-12-23 17:49:22,452 ] -  'encoder_args': {'hid_dims': [256, 128], 'latent_dim': 64},
[ INFO : 2019-12-23 17:49:22,452 ] -  'encoder_path': 'exp/ae_212_fbank/model.pth',
[ INFO : 2019-12-23 17:49:22,452 ] -  'epochs': 200,
[ INFO : 2019-12-23 17:49:22,452 ] -  'fix_encoder': 'true',
[ INFO : 2019-12-23 17:49:22,452 ] -  'improvecriterion': 'loss',
[ INFO : 2019-12-23 17:49:22,452 ] -  'num_freq': 80,
[ INFO : 2019-12-23 17:49:22,452 ] -  'optimizer': 'Adam',
[ INFO : 2019-12-23 17:49:22,452 ] -  'optimizer_args': {'lr': 0.001},
[ INFO : 2019-12-23 17:49:22,452 ] -  'scaler_path': 'exp/scaler_fbank.pth',
[ INFO : 2019-12-23 17:49:22,452 ] -  'scheduler': 'ReduceLROnPlateau',
[ INFO : 2019-12-23 17:49:22,453 ] -  'scheduler_args': {'cooldown': 1,
[ INFO : 2019-12-23 17:49:22,453 ] -                     'factor': 0.1,
[ INFO : 2019-12-23 17:49:22,453 ] -                     'mode': 'min',
[ INFO : 2019-12-23 17:49:22,453 ] -                     'patience': 10,
[ INFO : 2019-12-23 17:49:22,453 ] -                     'threshold': 0.001,
[ INFO : 2019-12-23 17:49:22,453 ] -                     'verbose': False},
[ INFO : 2019-12-23 17:49:22,453 ] -  'test_feat_stream': 'apply-cmvn '
[ INFO : 2019-12-23 17:49:22,453 ] -                      '--utt2spk=ark:/mnt/lustre/sjtu/home/zkz01/timit/data_fbank/test/utt2spk '
[ INFO : 2019-12-23 17:49:22,453 ] -                      'scp:/mnt/lustre/sjtu/home/zkz01/timit/data_fbank/test/cmvn.scp '
[ INFO : 2019-12-23 17:49:22,453 ] -                      'scp:/mnt/lustre/sjtu/home/zkz01/timit/data_fbank/test/feats.scp '
[ INFO : 2019-12-23 17:49:22,454 ] -                      'ark:- |apply-cmvn-sliding --min-cmn-window=15 '
[ INFO : 2019-12-23 17:49:22,454 ] -                      '--cmn-window=1000 ark:- ark:- | splice-feats '
[ INFO : 2019-12-23 17:49:22,454 ] -                      '--left-context={} --right-context={} ark:- ark:-|',
[ INFO : 2019-12-23 17:49:22,454 ] -  'test_label_stream': 'copy-int-vector '
[ INFO : 2019-12-23 17:49:22,454 ] -                       'ark:/mnt/lustre/sjtu/home/xnx98/zkz01/timit/data_for_brainlike/ali_test.txt '
[ INFO : 2019-12-23 17:49:22,454 ] -                       'ark:- |',
[ INFO : 2019-12-23 17:49:22,454 ] -  'train_feat_stream': 'apply-cmvn '
[ INFO : 2019-12-23 17:49:22,454 ] -                       '--utt2spk=ark:/mnt/lustre/sjtu/home/zkz01/timit/data_fbank/train/utt2spk '
[ INFO : 2019-12-23 17:49:22,454 ] -                       'scp:/mnt/lustre/sjtu/home/zkz01/timit/data_fbank/train/cmvn.scp '
[ INFO : 2019-12-23 17:49:22,454 ] -                       'scp:/mnt/lustre/sjtu/home/zkz01/timit/data_fbank/train/feats.scp '
[ INFO : 2019-12-23 17:49:22,454 ] -                       'ark:- |apply-cmvn-sliding --min-cmn-window=15 '
[ INFO : 2019-12-23 17:49:22,455 ] -                       '--cmn-window=1000 ark:- ark:- | splice-feats '
[ INFO : 2019-12-23 17:49:22,455 ] -                       '--left-context={} --right-context={} ark:- ark:-|',
[ INFO : 2019-12-23 17:49:22,455 ] -  'train_label_stream': 'copy-int-vector '
[ INFO : 2019-12-23 17:49:22,455 ] -                        'ark:/mnt/lustre/sjtu/home/xnx98/zkz01/timit/data_for_brainlike/ali_train.txt '
[ INFO : 2019-12-23 17:49:22,455 ] -                        'ark:- |'}
[ INFO : 2019-12-23 17:49:40,691 ] - <== Encoder ==>
[ INFO : 2019-12-23 17:49:40,692 ] - FcEncoder(
[ INFO : 2019-12-23 17:49:40,692 ] -   (model): Sequential(
[ INFO : 2019-12-23 17:49:40,692 ] -     (0): Linear(in_features=400, out_features=256, bias=True)
[ INFO : 2019-12-23 17:49:40,693 ] -     (1): ReLU()
[ INFO : 2019-12-23 17:49:40,693 ] -     (2): Linear(in_features=256, out_features=128, bias=True)
[ INFO : 2019-12-23 17:49:40,693 ] -     (3): ReLU()
[ INFO : 2019-12-23 17:49:40,693 ] -     (4): Linear(in_features=128, out_features=64, bias=True)
[ INFO : 2019-12-23 17:49:40,693 ] -   )
[ INFO : 2019-12-23 17:49:40,693 ] - )
[ INFO : 2019-12-23 17:49:40,694 ] - <== Classifier ==>
[ INFO : 2019-12-23 17:49:40,694 ] - dnn_classifier(
[ INFO : 2019-12-23 17:49:40,694 ] -   (model): Sequential(
[ INFO : 2019-12-23 17:49:40,694 ] -     (0): Linear(in_features=64, out_features=128, bias=True)
[ INFO : 2019-12-23 17:49:40,694 ] -     (1): BatchNorm1d(128, eps=1e-05, momentum=0.1, affine=True, track_running_stats=True)
[ INFO : 2019-12-23 17:49:40,695 ] -     (2): ReLU()
[ INFO : 2019-12-23 17:49:40,695 ] -     (3): Linear(in_features=128, out_features=256, bias=True)
[ INFO : 2019-12-23 17:49:40,695 ] -     (4): BatchNorm1d(256, eps=1e-05, momentum=0.1, affine=True, track_running_stats=True)
[ INFO : 2019-12-23 17:49:40,695 ] -     (5): ReLU()
[ INFO : 2019-12-23 17:49:40,695 ] -     (6): Linear(in_features=256, out_features=512, bias=True)
[ INFO : 2019-12-23 17:49:40,695 ] -     (7): BatchNorm1d(512, eps=1e-05, momentum=0.1, affine=True, track_running_stats=True)
[ INFO : 2019-12-23 17:49:40,695 ] -     (8): ReLU()
[ INFO : 2019-12-23 17:49:40,696 ] -     (9): Linear(in_features=512, out_features=256, bias=True)
[ INFO : 2019-12-23 17:49:40,696 ] -     (10): BatchNorm1d(256, eps=1e-05, momentum=0.1, affine=True, track_running_stats=True)
[ INFO : 2019-12-23 17:49:40,696 ] -     (11): ReLU()
[ INFO : 2019-12-23 17:49:40,696 ] -     (12): Linear(in_features=256, out_features=128, bias=True)
[ INFO : 2019-12-23 17:49:40,696 ] -     (13): BatchNorm1d(128, eps=1e-05, momentum=0.1, affine=True, track_running_stats=True)
[ INFO : 2019-12-23 17:49:40,696 ] -     (14): ReLU()
[ INFO : 2019-12-23 17:49:40,696 ] -     (15): Linear(in_features=128, out_features=64, bias=True)
[ INFO : 2019-12-23 17:49:40,697 ] -     (16): BatchNorm1d(64, eps=1e-05, momentum=0.1, affine=True, track_running_stats=True)
[ INFO : 2019-12-23 17:49:40,697 ] -     (17): ReLU()
[ INFO : 2019-12-23 17:49:40,697 ] -     (18): Linear(in_features=64, out_features=51, bias=True)
[ INFO : 2019-12-23 17:49:40,697 ] -   )
[ INFO : 2019-12-23 17:49:40,697 ] - )
[ INFO : 2019-12-23 17:49:42,707 ] - <== Training Started ==>
[ INFO : 2019-12-23 17:49:42,708 ] - +-----------+-----------+-----------+
[ INFO : 2019-12-23 17:49:42,708 ] - |   Epoch   | Loss(CV)  |  Acc(CV)  |
[ INFO : 2019-12-23 17:49:42,708 ] - +-----------+-----------+-----------+
[ INFO : 2019-12-23 17:51:23,344 ] - |          1|      1.333|    0.58044|
[ INFO : 2019-12-23 17:53:01,753 ] - |          2|     1.2421|    0.60169|
[ INFO : 2019-12-23 17:54:40,148 ] - |          3|     1.1984|    0.61605|
[ INFO : 2019-12-23 17:56:18,918 ] - |          4|     1.1865|    0.61978|
[ INFO : 2019-12-23 17:57:57,763 ] - |          5|     1.1909|    0.61908|
[ INFO : 2019-12-23 17:59:36,739 ] - |          6|     1.1803|    0.62147|
[ INFO : 2019-12-23 18:01:15,672 ] - |          7|     1.1906|    0.62025|
[ INFO : 2019-12-23 18:02:55,301 ] - |          8|     1.1858|    0.62186|
[ INFO : 2019-12-23 18:04:34,772 ] - |          9|     1.2002|    0.62007|
[ INFO : 2019-12-23 18:06:13,654 ] - |         10|     1.2061|    0.61989|
[ INFO : 2019-12-23 18:07:52,520 ] - |         11|     1.2084|    0.62075|
[ INFO : 2019-12-23 18:09:12,294 ] - Storing data at: exp/dnn_212_fbank_true
[ INFO : 2019-12-23 18:09:12,295 ] - <== Passed Arguments ==>
[ INFO : 2019-12-23 18:09:12,296 ] - {'classifier': 'dnn_classifier',
[ INFO : 2019-12-23 18:09:12,296 ] -  'classifier_args': {'hid_dims': [128, 256, 512, 256, 128, 64], 'num_cls': 51},
[ INFO : 2019-12-23 18:09:12,296 ] -  'context': 2,
[ INFO : 2019-12-23 18:09:12,296 ] -  'dataloader_args': {'batch_size': 2048, 'num_workers': 8},
[ INFO : 2019-12-23 18:09:12,296 ] -  'dev_feat_stream': 'apply-cmvn '
[ INFO : 2019-12-23 18:09:12,296 ] -                     '--utt2spk=ark:/mnt/lustre/sjtu/home/zkz01/timit/data_fbank/dev/utt2spk '
[ INFO : 2019-12-23 18:09:12,296 ] -                     'scp:/mnt/lustre/sjtu/home/zkz01/timit/data_fbank/dev/cmvn.scp '
[ INFO : 2019-12-23 18:09:12,296 ] -                     'scp:/mnt/lustre/sjtu/home/zkz01/timit/data_fbank/dev/feats.scp '
[ INFO : 2019-12-23 18:09:12,296 ] -                     'ark:- |apply-cmvn-sliding --min-cmn-window=15 '
[ INFO : 2019-12-23 18:09:12,296 ] -                     '--cmn-window=1000 ark:- ark:- | splice-feats '
[ INFO : 2019-12-23 18:09:12,296 ] -                     '--left-context={} --right-context={} ark:- ark:-|',
[ INFO : 2019-12-23 18:09:12,297 ] -  'dev_label_stream': 'copy-int-vector '
[ INFO : 2019-12-23 18:09:12,297 ] -                      'ark:/mnt/lustre/sjtu/home/xnx98/zkz01/timit/data_for_brainlike/ali_dev.txt '
[ INFO : 2019-12-23 18:09:12,297 ] -                      'ark:- |',
[ INFO : 2019-12-23 18:09:12,297 ] -  'early_stop': 10,
[ INFO : 2019-12-23 18:09:12,297 ] -  'encoder': 'FcEncoder',
[ INFO : 2019-12-23 18:09:12,297 ] -  'encoder_args': {'hid_dims': [256, 128], 'latent_dim': 64},
[ INFO : 2019-12-23 18:09:12,297 ] -  'encoder_path': 'exp/ae_212_fbank/model.pth',
[ INFO : 2019-12-23 18:09:12,297 ] -  'epochs': 200,
[ INFO : 2019-12-23 18:09:12,297 ] -  'fix_encoder': 'true',
[ INFO : 2019-12-23 18:09:12,297 ] -  'improvecriterion': 'loss',
[ INFO : 2019-12-23 18:09:12,297 ] -  'num_freq': 80,
[ INFO : 2019-12-23 18:09:12,297 ] -  'optimizer': 'Adam',
[ INFO : 2019-12-23 18:09:12,297 ] -  'optimizer_args': {'lr': 0.001},
[ INFO : 2019-12-23 18:09:12,297 ] -  'scaler_path': 'exp/scaler_fbank.pth',
[ INFO : 2019-12-23 18:09:12,298 ] -  'scheduler': 'ReduceLROnPlateau',
[ INFO : 2019-12-23 18:09:12,298 ] -  'scheduler_args': {'cooldown': 1,
[ INFO : 2019-12-23 18:09:12,298 ] -                     'factor': 0.1,
[ INFO : 2019-12-23 18:09:12,298 ] -                     'mode': 'min',
[ INFO : 2019-12-23 18:09:12,298 ] -                     'patience': 10,
[ INFO : 2019-12-23 18:09:12,298 ] -                     'threshold': 0.001,
[ INFO : 2019-12-23 18:09:12,298 ] -                     'verbose': False},
[ INFO : 2019-12-23 18:09:12,298 ] -  'test_feat_stream': 'apply-cmvn '
[ INFO : 2019-12-23 18:09:12,298 ] -                      '--utt2spk=ark:/mnt/lustre/sjtu/home/zkz01/timit/data_fbank/test/utt2spk '
[ INFO : 2019-12-23 18:09:12,298 ] -                      'scp:/mnt/lustre/sjtu/home/zkz01/timit/data_fbank/test/cmvn.scp '
[ INFO : 2019-12-23 18:09:12,298 ] -                      'scp:/mnt/lustre/sjtu/home/zkz01/timit/data_fbank/test/feats.scp '
[ INFO : 2019-12-23 18:09:12,298 ] -                      'ark:- |apply-cmvn-sliding --min-cmn-window=15 '
[ INFO : 2019-12-23 18:09:12,298 ] -                      '--cmn-window=1000 ark:- ark:- | splice-feats '
[ INFO : 2019-12-23 18:09:12,298 ] -                      '--left-context={} --right-context={} ark:- ark:-|',
[ INFO : 2019-12-23 18:09:12,299 ] -  'test_label_stream': 'copy-int-vector '
[ INFO : 2019-12-23 18:09:12,299 ] -                       'ark:/mnt/lustre/sjtu/home/xnx98/zkz01/timit/data_for_brainlike/ali_test.txt '
[ INFO : 2019-12-23 18:09:12,299 ] -                       'ark:- |',
[ INFO : 2019-12-23 18:09:12,299 ] -  'train_feat_stream': 'apply-cmvn '
[ INFO : 2019-12-23 18:09:12,299 ] -                       '--utt2spk=ark:/mnt/lustre/sjtu/home/zkz01/timit/data_fbank/train/utt2spk '
[ INFO : 2019-12-23 18:09:12,299 ] -                       'scp:/mnt/lustre/sjtu/home/zkz01/timit/data_fbank/train/cmvn.scp '
[ INFO : 2019-12-23 18:09:12,299 ] -                       'scp:/mnt/lustre/sjtu/home/zkz01/timit/data_fbank/train/feats.scp '
[ INFO : 2019-12-23 18:09:12,299 ] -                       'ark:- |apply-cmvn-sliding --min-cmn-window=15 '
[ INFO : 2019-12-23 18:09:12,299 ] -                       '--cmn-window=1000 ark:- ark:- | splice-feats '
[ INFO : 2019-12-23 18:09:12,299 ] -                       '--left-context={} --right-context={} ark:- ark:-|',
[ INFO : 2019-12-23 18:09:12,299 ] -  'train_label_stream': 'copy-int-vector '
[ INFO : 2019-12-23 18:09:12,299 ] -                        'ark:/mnt/lustre/sjtu/home/xnx98/zkz01/timit/data_for_brainlike/ali_train.txt '
[ INFO : 2019-12-23 18:09:12,299 ] -                        'ark:- |'}
[ INFO : 2019-12-23 18:09:27,580 ] - <== Encoder ==>
[ INFO : 2019-12-23 18:09:27,581 ] - FcEncoder(
[ INFO : 2019-12-23 18:09:27,581 ] -   (model): Sequential(
[ INFO : 2019-12-23 18:09:27,581 ] -     (0): Linear(in_features=400, out_features=256, bias=True)
[ INFO : 2019-12-23 18:09:27,581 ] -     (1): ReLU()
[ INFO : 2019-12-23 18:09:27,581 ] -     (2): Linear(in_features=256, out_features=128, bias=True)
[ INFO : 2019-12-23 18:09:27,581 ] -     (3): ReLU()
[ INFO : 2019-12-23 18:09:27,581 ] -     (4): Linear(in_features=128, out_features=64, bias=True)
[ INFO : 2019-12-23 18:09:27,581 ] -   )
[ INFO : 2019-12-23 18:09:27,581 ] - )
[ INFO : 2019-12-23 18:09:27,581 ] - <== Classifier ==>
[ INFO : 2019-12-23 18:09:27,582 ] - dnn_classifier(
[ INFO : 2019-12-23 18:09:27,582 ] -   (model): Sequential(
[ INFO : 2019-12-23 18:09:27,582 ] -     (0): Linear(in_features=64, out_features=128, bias=True)
[ INFO : 2019-12-23 18:09:27,582 ] -     (1): BatchNorm1d(128, eps=1e-05, momentum=0.1, affine=True, track_running_stats=True)
[ INFO : 2019-12-23 18:09:27,582 ] -     (2): ReLU()
[ INFO : 2019-12-23 18:09:27,582 ] -     (3): Linear(in_features=128, out_features=256, bias=True)
[ INFO : 2019-12-23 18:09:27,582 ] -     (4): BatchNorm1d(256, eps=1e-05, momentum=0.1, affine=True, track_running_stats=True)
[ INFO : 2019-12-23 18:09:27,582 ] -     (5): ReLU()
[ INFO : 2019-12-23 18:09:27,582 ] -     (6): Linear(in_features=256, out_features=512, bias=True)
[ INFO : 2019-12-23 18:09:27,582 ] -     (7): BatchNorm1d(512, eps=1e-05, momentum=0.1, affine=True, track_running_stats=True)
[ INFO : 2019-12-23 18:09:27,582 ] -     (8): ReLU()
[ INFO : 2019-12-23 18:09:27,582 ] -     (9): Linear(in_features=512, out_features=256, bias=True)
[ INFO : 2019-12-23 18:09:27,582 ] -     (10): BatchNorm1d(256, eps=1e-05, momentum=0.1, affine=True, track_running_stats=True)
[ INFO : 2019-12-23 18:09:27,583 ] -     (11): ReLU()
[ INFO : 2019-12-23 18:09:27,583 ] -     (12): Linear(in_features=256, out_features=128, bias=True)
[ INFO : 2019-12-23 18:09:27,583 ] -     (13): BatchNorm1d(128, eps=1e-05, momentum=0.1, affine=True, track_running_stats=True)
[ INFO : 2019-12-23 18:09:27,583 ] -     (14): ReLU()
[ INFO : 2019-12-23 18:09:27,583 ] -     (15): Linear(in_features=128, out_features=64, bias=True)
[ INFO : 2019-12-23 18:09:27,583 ] -     (16): BatchNorm1d(64, eps=1e-05, momentum=0.1, affine=True, track_running_stats=True)
[ INFO : 2019-12-23 18:09:27,583 ] -     (17): ReLU()
[ INFO : 2019-12-23 18:09:27,583 ] -     (18): Linear(in_features=64, out_features=51, bias=True)
[ INFO : 2019-12-23 18:09:27,583 ] -   )
[ INFO : 2019-12-23 18:09:27,583 ] - )
[ INFO : 2019-12-23 18:09:28,011 ] - <== Training Started ==>
[ INFO : 2019-12-23 18:09:28,011 ] - +-----------+-----------+-----------+
[ INFO : 2019-12-23 18:09:28,011 ] - |   Epoch   | Loss(CV)  |  Acc(CV)  |
[ INFO : 2019-12-23 18:09:28,011 ] - +-----------+-----------+-----------+
[ INFO : 2019-12-23 18:11:06,487 ] - |          1|     1.3269|    0.58075|
[ INFO : 2019-12-23 18:12:44,059 ] - |          2|     1.2517|     0.6004|
[ INFO : 2019-12-23 18:14:21,526 ] - |          3|     1.2198|    0.60835|
[ INFO : 2019-12-23 18:15:58,950 ] - |          4|      1.208|    0.61246|
[ INFO : 2019-12-23 18:17:37,763 ] - |          5|     1.2076|    0.61445|
[ INFO : 2019-12-23 18:19:16,454 ] - |          6|     1.2141|    0.61394|
[ INFO : 2019-12-23 18:20:54,477 ] - |          7|     1.2222|    0.61446|
[ INFO : 2019-12-23 18:22:32,266 ] - |          8|      1.232|    0.61251|
[ INFO : 2019-12-23 18:24:10,016 ] - |          9|     1.2414|    0.61078|
[ INFO : 2019-12-23 18:25:48,461 ] - |         10|     1.2594|    0.60874|
[ INFO : 2019-12-23 18:27:27,077 ] - |         11|     1.2754|    0.60634|
[ INFO : 2019-12-23 18:29:05,124 ] - |         12|     1.2948|    0.60457|
[ INFO : 2019-12-23 18:30:43,823 ] - |         13|     1.3144|    0.60099|
[ INFO : 2019-12-23 18:32:22,239 ] - |         14|       1.33|    0.60083|
[ INFO : 2019-12-23 18:34:00,010 ] - |         15|     1.3466|     0.5979|
[ INFO : 2019-12-23 18:34:00,010 ] - +-----------+-----------+-----------+
[ INFO : 2019-12-23 18:34:05,010 ] - Acc on Eval: 60.04%
