[ INFO : 2019-12-23 14:00:27,522 ] - Storing data at: exp/ae_212
[ INFO : 2019-12-23 14:00:27,523 ] - <== Passed Arguments ==>
[ INFO : 2019-12-23 14:00:27,524 ] - {'context': 2,
[ INFO : 2019-12-23 14:00:27,524 ] -  'dataloader_args': {'batch_size': 2048, 'num_workers': 8},
[ INFO : 2019-12-23 14:00:27,524 ] -  'decoder': 'FcDecoder',
[ INFO : 2019-12-23 14:00:27,524 ] -  'decoder_args': {'hid_dims': [128, 256], 'latent_dim': 64},
[ INFO : 2019-12-23 14:00:27,524 ] -  'dev_feat_stream': 'apply-cmvn '
[ INFO : 2019-12-23 14:00:27,524 ] -                     '--utt2spk=ark:/mnt/lustre/sjtu/home/zkz01/timit/data_mfcc/dev/utt2spk '
[ INFO : 2019-12-23 14:00:27,524 ] -                     'scp:/mnt/lustre/sjtu/home/zkz01/timit/data_mfcc/dev/cmvn.scp '
[ INFO : 2019-12-23 14:00:27,525 ] -                     'scp:/mnt/lustre/sjtu/home/zkz01/timit/data_mfcc/dev/feats.scp '
[ INFO : 2019-12-23 14:00:27,525 ] -                     'ark:- |apply-cmvn-sliding --min-cmn-window=15 '
[ INFO : 2019-12-23 14:00:27,525 ] -                     '--cmn-window=1000 ark:- ark:- | add-deltas ark:- ark:- | '
[ INFO : 2019-12-23 14:00:27,525 ] -                     'splice-feats --left-context={} --right-context={} ark:- '
[ INFO : 2019-12-23 14:00:27,525 ] -                     'ark:-|',
[ INFO : 2019-12-23 14:00:27,525 ] -  'dev_label_stream': 'copy-int-vector '
[ INFO : 2019-12-23 14:00:27,525 ] -                      'ark:/mnt/lustre/sjtu/home/xnx98/zkz01/timit/data_for_brainlike/ali_dev.txt '
[ INFO : 2019-12-23 14:00:27,525 ] -                      'ark:- |',
[ INFO : 2019-12-23 14:00:27,525 ] -  'early_stop': 10,
[ INFO : 2019-12-23 14:00:27,525 ] -  'encoder': 'FcEncoder',
[ INFO : 2019-12-23 14:00:27,525 ] -  'encoder_args': {'hid_dims': [256, 128], 'latent_dim': 64},
[ INFO : 2019-12-23 14:00:27,525 ] -  'epochs': 200,
[ INFO : 2019-12-23 14:00:27,525 ] -  'improvecriterion': 'loss',
[ INFO : 2019-12-23 14:00:27,525 ] -  'model': 'AutoEncoder',
[ INFO : 2019-12-23 14:00:27,526 ] -  'num_freq': 39,
[ INFO : 2019-12-23 14:00:27,526 ] -  'optimizer': 'Adam',
[ INFO : 2019-12-23 14:00:27,526 ] -  'optimizer_args': {'lr': 0.001, 'weight_decay': 1e-06},
[ INFO : 2019-12-23 14:00:27,526 ] -  'scaler_path': 'scaler.pth',
[ INFO : 2019-12-23 14:00:27,526 ] -  'scheduler': 'ReduceLROnPlateau',
[ INFO : 2019-12-23 14:00:27,526 ] -  'scheduler_args': {'cooldown': 1,
[ INFO : 2019-12-23 14:00:27,526 ] -                     'factor': 0.1,
[ INFO : 2019-12-23 14:00:27,526 ] -                     'mode': 'min',
[ INFO : 2019-12-23 14:00:27,526 ] -                     'patience': 10,
[ INFO : 2019-12-23 14:00:27,526 ] -                     'threshold': 0.001,
[ INFO : 2019-12-23 14:00:27,526 ] -                     'verbose': False},
[ INFO : 2019-12-23 14:00:27,526 ] -  'test_feat_stream': 'apply-cmvn '
[ INFO : 2019-12-23 14:00:27,526 ] -                      '--utt2spk=ark:/mnt/lustre/sjtu/home/zkz01/timit/data_mfcc/test/utt2spk '
[ INFO : 2019-12-23 14:00:27,526 ] -                      'scp:/mnt/lustre/sjtu/home/zkz01/timit/data_mfcc/test/cmvn.scp '
[ INFO : 2019-12-23 14:00:27,527 ] -                      'scp:/mnt/lustre/sjtu/home/zkz01/timit/data_mfcc/test/feats.scp '
[ INFO : 2019-12-23 14:00:27,527 ] -                      'ark:- |apply-cmvn-sliding --min-cmn-window=15 '
[ INFO : 2019-12-23 14:00:27,527 ] -                      '--cmn-window=1000 ark:- ark:- | add-deltas ark:- ark:- | '
[ INFO : 2019-12-23 14:00:27,527 ] -                      'splice-feats --left-context={} --right-context={} ark:- '
[ INFO : 2019-12-23 14:00:27,527 ] -                      'ark:-|',
[ INFO : 2019-12-23 14:00:27,527 ] -  'test_label_stream': 'copy-int-vector '
[ INFO : 2019-12-23 14:00:27,527 ] -                       'ark:/mnt/lustre/sjtu/home/xnx98/zkz01/timit/data_for_brainlike/ali_test.txt '
[ INFO : 2019-12-23 14:00:27,527 ] -                       'ark:- |',
[ INFO : 2019-12-23 14:00:27,527 ] -  'train_feat_stream': 'apply-cmvn '
[ INFO : 2019-12-23 14:00:27,527 ] -                       '--utt2spk=ark:/mnt/lustre/sjtu/home/zkz01/timit/data_mfcc/train/utt2spk '
[ INFO : 2019-12-23 14:00:27,527 ] -                       'scp:/mnt/lustre/sjtu/home/zkz01/timit/data_mfcc/train/cmvn.scp '
[ INFO : 2019-12-23 14:00:27,527 ] -                       'scp:/mnt/lustre/sjtu/home/zkz01/timit/data_mfcc/train/feats.scp '
[ INFO : 2019-12-23 14:00:27,527 ] -                       'ark:- |apply-cmvn-sliding --min-cmn-window=15 '
[ INFO : 2019-12-23 14:00:27,527 ] -                       '--cmn-window=1000 ark:- ark:- | add-deltas ark:- ark:- '
[ INFO : 2019-12-23 14:00:27,528 ] -                       '| splice-feats --left-context={} --right-context={} '
[ INFO : 2019-12-23 14:00:27,528 ] -                       'ark:- ark:-|',
[ INFO : 2019-12-23 14:00:27,528 ] -  'train_label_stream': 'copy-int-vector '
[ INFO : 2019-12-23 14:00:27,528 ] -                        'ark:/mnt/lustre/sjtu/home/xnx98/zkz01/timit/data_for_brainlike/ali_train.txt '
[ INFO : 2019-12-23 14:00:27,528 ] -                        'ark:- |'}
[ INFO : 2019-12-23 14:01:07,630 ] - <== Model ==>
[ INFO : 2019-12-23 14:01:07,630 ] - AutoEncoder(
[ INFO : 2019-12-23 14:01:07,630 ] -   (encoder): FcEncoder(
[ INFO : 2019-12-23 14:01:07,630 ] -     (model): Sequential(
[ INFO : 2019-12-23 14:01:07,630 ] -       (0): Linear(in_features=195, out_features=256, bias=True)
[ INFO : 2019-12-23 14:01:07,630 ] -       (1): ReLU()
[ INFO : 2019-12-23 14:01:07,630 ] -       (2): Linear(in_features=256, out_features=128, bias=True)
[ INFO : 2019-12-23 14:01:07,631 ] -       (3): ReLU()
[ INFO : 2019-12-23 14:01:07,631 ] -       (4): Linear(in_features=128, out_features=64, bias=True)
[ INFO : 2019-12-23 14:01:07,631 ] -     )
[ INFO : 2019-12-23 14:01:07,631 ] -   )
[ INFO : 2019-12-23 14:01:07,631 ] -   (decoder): FcDecoder(
[ INFO : 2019-12-23 14:01:07,631 ] -     (model): Sequential(
[ INFO : 2019-12-23 14:01:07,631 ] -       (0): Linear(in_features=64, out_features=128, bias=True)
[ INFO : 2019-12-23 14:01:07,631 ] -       (1): ReLU()
[ INFO : 2019-12-23 14:01:07,631 ] -       (2): Linear(in_features=128, out_features=256, bias=True)
[ INFO : 2019-12-23 14:01:07,631 ] -       (3): ReLU()
[ INFO : 2019-12-23 14:01:07,631 ] -       (4): Linear(in_features=256, out_features=195, bias=True)
[ INFO : 2019-12-23 14:01:07,631 ] -     )
[ INFO : 2019-12-23 14:01:07,631 ] -   )
[ INFO : 2019-12-23 14:01:07,631 ] -   (criterion): MSELoss()
[ INFO : 2019-12-23 14:01:07,631 ] - )
[ INFO : 2019-12-23 14:01:34,075 ] - <== Training Started ==>
[ INFO : 2019-12-23 14:01:34,075 ] - +-----------+-----------+-----------+
[ INFO : 2019-12-23 14:01:34,075 ] - |   Epoch   |  Loss(T)  | Loss(CV)  |
[ INFO : 2019-12-23 14:01:34,075 ] - +-----------+-----------+-----------+
[ INFO : 2019-12-23 14:02:54,802 ] - |          1|    0.25624|    0.12416|
[ INFO : 2019-12-23 14:04:14,240 ] - |          2|    0.10049|   0.082106|
[ INFO : 2019-12-23 14:05:34,287 ] - |          3|   0.076738|   0.065573|
[ INFO : 2019-12-23 14:06:54,495 ] - |          4|   0.062788|   0.054924|
[ INFO : 2019-12-23 14:08:15,148 ] - |          5|   0.055498|    0.05051|
[ INFO : 2019-12-23 14:09:35,514 ] - |          6|   0.051811|   0.046919|
[ INFO : 2019-12-23 14:10:55,296 ] - |          7|   0.047091|   0.041128|
[ INFO : 2019-12-23 14:12:15,357 ] - |          8|   0.043533|   0.062813|
[ INFO : 2019-12-23 14:13:35,718 ] - |          9|   0.042085|    0.04275|
[ INFO : 2019-12-23 14:14:55,792 ] - |         10|    0.03969|    0.03526|
[ INFO : 2019-12-23 14:16:16,005 ] - |         11|   0.037442|   0.034894|
[ INFO : 2019-12-23 14:17:36,075 ] - |         12|   0.036862|   0.033172|
[ INFO : 2019-12-23 14:18:56,505 ] - |         13|    0.03482|   0.032499|
[ INFO : 2019-12-23 14:20:16,882 ] - |         14|   0.033261|   0.030165|
[ INFO : 2019-12-23 14:21:36,821 ] - |         15|   0.032782|   0.030739|
[ INFO : 2019-12-23 14:22:56,847 ] - |         16|   0.032638|   0.030534|
[ INFO : 2019-12-23 14:24:16,823 ] - |         17|   0.032885|   0.030082|
[ INFO : 2019-12-23 14:25:37,393 ] - |         18|   0.032581|   0.030958|
[ INFO : 2019-12-23 14:26:58,147 ] - |         19|   0.032451|   0.029962|
[ INFO : 2019-12-23 14:28:18,589 ] - |         20|   0.032829|   0.030038|
[ INFO : 2019-12-23 14:29:39,230 ] - |         21|   0.032566|   0.030916|
[ INFO : 2019-12-23 14:30:59,732 ] - |         22|   0.032419|   0.030006|
[ INFO : 2019-12-23 14:32:20,110 ] - |         23|   0.032619|   0.033771|
[ INFO : 2019-12-23 14:33:40,166 ] - |         24|   0.032384|   0.029984|
[ INFO : 2019-12-23 14:35:00,215 ] - |         25|   0.032507|   0.031266|
[ INFO : 2019-12-23 14:36:20,750 ] - |         26|   0.032451|   0.029972|
[ INFO : 2019-12-23 14:37:41,005 ] - |         27|    0.03215|   0.031803|
[ INFO : 2019-12-23 14:39:01,386 ] - |         28|   0.032386|   0.030328|
[ INFO : 2019-12-23 14:40:21,634 ] - |         29|   0.032383|   0.031249|
[ INFO : 2019-12-23 14:40:21,634 ] - +-----------+-----------+-----------+
[ INFO : 2019-12-23 14:40:26,005 ] - Loss on Eval: 0.03
